<?xml version="1.0" encoding="utf-8"?>
<CoverageSession>
  <Summary numSequencePoints="2051" visitedSequencePoints="126" numBranchPoints="1053" visitedBranchPoints="52" sequenceCoverage="6.14" branchCoverage="4.93" maxCyclomaticComplexity="764" minCyclomaticComplexity="119" visitedClasses="4" numClasses="61" visitedMethods="40" numMethods="485" />
  <Modules>
    <Module hash="70095670-FA7C-4673-ACEA-1F4B308A8634">
      <ModulePath>FluentCommand.dll</ModulePath>
      <ModuleTime>2019-05-20T04:29:00</ModuleTime>
      <ModuleName>FluentCommand</ModuleName>
      <Files>
        <File uid="1" fullPath="D:\Projects\github\FluentCommand\src\FluentCommand\DataCache.cs" />
        <File uid="2" fullPath="D:\Projects\github\FluentCommand\src\FluentCommand\DataCallback.cs" />
        <File uid="3" fullPath="D:\Projects\github\FluentCommand\src\FluentCommand\DataCommand.cs" />
        <File uid="4" fullPath="D:\Projects\github\FluentCommand\src\FluentCommand\DataCommandExtensions.cs" />
        <File uid="5" fullPath="D:\Projects\github\FluentCommand\src\FluentCommand\DataConfiguration.cs" />
        <File uid="6" fullPath="D:\Projects\github\FluentCommand\src\FluentCommand\DataMapping.cs" />
        <File uid="7" fullPath="D:\Projects\github\FluentCommand\src\FluentCommand\DataParameter.cs" />
        <File uid="8" fullPath="D:\Projects\github\FluentCommand\src\FluentCommand\DataSession.cs" />
        <File uid="9" fullPath="D:\Projects\github\FluentCommand\src\FluentCommand\DisposableBase.cs" />
        <File uid="10" fullPath="D:\Projects\github\FluentCommand\src\FluentCommand\QueryMultipleResult.cs" />
        <File uid="11" fullPath="D:\Projects\github\FluentCommand\src\FluentCommand\Extensions\CollectionExtensions.cs" />
        <File uid="12" fullPath="D:\Projects\github\FluentCommand\src\FluentCommand\Extensions\ConvertExtensions.cs" />
        <File uid="13" fullPath="D:\Projects\github\FluentCommand\src\FluentCommand\Extensions\DataRecordExtensions.cs" />
        <File uid="14" fullPath="D:\Projects\github\FluentCommand\src\FluentCommand\Extensions\DataTableExtensions.cs" />
        <File uid="15" fullPath="D:\Projects\github\FluentCommand\src\FluentCommand\Extensions\EnumerableExtensions.cs" />
        <File uid="16" fullPath="D:\Projects\github\FluentCommand\src\FluentCommand\Extensions\EnumExtensions.cs" />
        <File uid="17" fullPath="D:\Projects\github\FluentCommand\src\FluentCommand\Extensions\StringExtensions.cs" />
        <File uid="18" fullPath="D:\Projects\github\FluentCommand\src\FluentCommand\Extensions\TypeExtensions.cs" />
        <File uid="19" fullPath="D:\Projects\github\FluentCommand\src\FluentCommand\Caching\CacheItem.cs" />
        <File uid="20" fullPath="D:\Projects\github\FluentCommand\src\FluentCommand\Caching\CacheItemExpiredEventArg.cs" />
        <File uid="21" fullPath="D:\Projects\github\FluentCommand\src\FluentCommand\Caching\CacheManager.cs" />
        <File uid="22" fullPath="D:\Projects\github\FluentCommand\src\FluentCommand\Caching\CachePolicy.cs" />
      </Files>
      <Classes>
        <Class>
          <Summary numSequencePoints="14" visitedSequencePoints="0" numBranchPoints="0" visitedBranchPoints="0" sequenceCoverage="0" branchCoverage="100" maxCyclomaticComplexity="1" minCyclomaticComplexity="1" visitedClasses="0" numClasses="1" visitedMethods="0" numMethods="8" />
          <FullName>FluentCommand.DataCache</FullName>
          <Methods>
            <Method cyclomaticComplexity="1" nPathComplexity="0" sequenceCoverage="0" branchCoverage="100" isConstructor="False" isGetter="False" isSetter="False" isStatic="True">
              <Summary numSequencePoints="1" visitedSequencePoints="0" numBranchPoints="0" visitedBranchPoints="0" sequenceCoverage="0" branchCoverage="100" maxCyclomaticComplexity="1" minCyclomaticComplexity="1" visitedClasses="0" numClasses="0" visitedMethods="0" numMethods="1" />
              <MetadataToken />
              <Name>System.Object FluentCommand.DataCache::Get(System.String)</Name>
              <FileRef uid="1" />
              <SequencePoints>
                <SequencePoint vc="0" uspid="39" ordinal="0" sl="39" sc="1" el="39" ec="2" bec="0" bev="0" fileid="1" />
              </SequencePoints>
              <BranchPoints />
              <MethodPoint vc="0" uspid="0" p8:type="SequencePoint" ordinal="0" offset="0" sc="0" sl="39" ec="1" el="39" bec="0" bev="0" fileid="1" xmlns:p8="xsi" />
            </Method>
            <Method cyclomaticComplexity="1" nPathComplexity="0" sequenceCoverage="0" branchCoverage="100" isConstructor="False" isGetter="False" isSetter="False" isStatic="True">
              <Summary numSequencePoints="2" visitedSequencePoints="0" numBranchPoints="0" visitedBranchPoints="0" sequenceCoverage="0" branchCoverage="100" maxCyclomaticComplexity="1" minCyclomaticComplexity="1" visitedClasses="0" numClasses="0" visitedMethods="0" numMethods="1" />
              <MetadataToken />
              <Name>System.Void FluentCommand.DataCache::Set(System.String,System.Object,System.DateTimeOffset)</Name>
              <FileRef uid="1" />
              <SequencePoints>
                <SequencePoint vc="0" uspid="50" ordinal="0" sl="50" sc="1" el="50" ec="2" bec="0" bev="0" fileid="1" />
                <SequencePoint vc="0" uspid="51" ordinal="1" sl="51" sc="1" el="51" ec="2" bec="0" bev="0" fileid="1" />
              </SequencePoints>
              <BranchPoints />
              <MethodPoint vc="0" uspid="0" p8:type="SequencePoint" ordinal="1" offset="1" sc="0" sl="50" ec="1" el="51" bec="0" bev="0" fileid="1" xmlns:p8="xsi" />
            </Method>
            <Method cyclomaticComplexity="1" nPathComplexity="0" sequenceCoverage="0" branchCoverage="100" isConstructor="False" isGetter="False" isSetter="False" isStatic="True">
              <Summary numSequencePoints="2" visitedSequencePoints="0" numBranchPoints="0" visitedBranchPoints="0" sequenceCoverage="0" branchCoverage="100" maxCyclomaticComplexity="1" minCyclomaticComplexity="1" visitedClasses="0" numClasses="0" visitedMethods="0" numMethods="1" />
              <MetadataToken />
              <Name>System.Void FluentCommand.DataCache::Set(System.String,System.Object,System.TimeSpan)</Name>
              <FileRef uid="1" />
              <SequencePoints>
                <SequencePoint vc="0" uspid="61" ordinal="0" sl="61" sc="1" el="61" ec="2" bec="0" bev="0" fileid="1" />
                <SequencePoint vc="0" uspid="62" ordinal="1" sl="62" sc="1" el="62" ec="2" bec="0" bev="0" fileid="1" />
              </SequencePoints>
              <BranchPoints />
              <MethodPoint vc="0" uspid="0" p8:type="SequencePoint" ordinal="2" offset="2" sc="0" sl="61" ec="1" el="62" bec="0" bev="0" fileid="1" xmlns:p8="xsi" />
            </Method>
            <Method cyclomaticComplexity="1" nPathComplexity="0" sequenceCoverage="0" branchCoverage="100" isConstructor="False" isGetter="False" isSetter="False" isStatic="True">
              <Summary numSequencePoints="2" visitedSequencePoints="0" numBranchPoints="0" visitedBranchPoints="0" sequenceCoverage="0" branchCoverage="100" maxCyclomaticComplexity="1" minCyclomaticComplexity="1" visitedClasses="0" numClasses="0" visitedMethods="0" numMethods="1" />
              <MetadataToken />
              <Name>System.Void FluentCommand.DataCache::Remove(System.String)</Name>
              <FileRef uid="1" />
              <SequencePoints>
                <SequencePoint vc="0" uspid="70" ordinal="0" sl="70" sc="1" el="70" ec="2" bec="0" bev="0" fileid="1" />
                <SequencePoint vc="0" uspid="71" ordinal="1" sl="71" sc="1" el="71" ec="2" bec="0" bev="0" fileid="1" />
              </SequencePoints>
              <BranchPoints />
              <MethodPoint vc="0" uspid="0" p8:type="SequencePoint" ordinal="3" offset="3" sc="0" sl="70" ec="1" el="71" bec="0" bev="0" fileid="1" xmlns:p8="xsi" />
            </Method>
            <Method cyclomaticComplexity="1" nPathComplexity="0" sequenceCoverage="0" branchCoverage="100" isConstructor="False" isGetter="True" isSetter="False" isStatic="True">
              <Summary numSequencePoints="1" visitedSequencePoints="0" numBranchPoints="0" visitedBranchPoints="0" sequenceCoverage="0" branchCoverage="100" maxCyclomaticComplexity="1" minCyclomaticComplexity="1" visitedClasses="0" numClasses="0" visitedMethods="0" numMethods="1" />
              <MetadataToken />
              <Name>FluentCommand.DataCache FluentCommand.DataCache::get_Default()</Name>
              <FileRef uid="1" />
              <SequencePoints>
                <SequencePoint vc="0" uspid="79" ordinal="0" sl="79" sc="1" el="79" ec="2" bec="0" bev="0" fileid="1" />
              </SequencePoints>
              <BranchPoints />
              <MethodPoint vc="0" uspid="0" p8:type="SequencePoint" ordinal="4" offset="4" sc="0" sl="79" ec="1" el="79" bec="0" bev="0" fileid="1" xmlns:p8="xsi" />
            </Method>
            <Method cyclomaticComplexity="1" nPathComplexity="0" sequenceCoverage="0" branchCoverage="100" isConstructor="True" isGetter="False" isSetter="False" isStatic="True">
              <Summary numSequencePoints="2" visitedSequencePoints="0" numBranchPoints="0" visitedBranchPoints="0" sequenceCoverage="0" branchCoverage="100" maxCyclomaticComplexity="1" minCyclomaticComplexity="1" visitedClasses="0" numClasses="0" visitedMethods="0" numMethods="1" />
              <MetadataToken />
              <Name>System.Void FluentCommand.DataCache::.ctor()</Name>
              <FileRef uid="1" />
              <SequencePoints>
                <SequencePoint vc="0" uspid="17" ordinal="0" sl="17" sc="1" el="17" ec="2" bec="0" bev="0" fileid="1" />
                <SequencePoint vc="0" uspid="19" ordinal="1" sl="19" sc="1" el="19" ec="2" bec="0" bev="0" fileid="1" />
              </SequencePoints>
              <BranchPoints />
              <MethodPoint vc="0" uspid="0" p8:type="SequencePoint" ordinal="5" offset="5" sc="0" sl="17" ec="1" el="19" bec="0" bev="0" fileid="1" xmlns:p8="xsi" />
            </Method>
            <Method cyclomaticComplexity="1" nPathComplexity="0" sequenceCoverage="0" branchCoverage="100" isConstructor="True" isGetter="False" isSetter="False" isStatic="True">
              <Summary numSequencePoints="3" visitedSequencePoints="0" numBranchPoints="0" visitedBranchPoints="0" sequenceCoverage="0" branchCoverage="100" maxCyclomaticComplexity="1" minCyclomaticComplexity="1" visitedClasses="0" numClasses="0" visitedMethods="0" numMethods="1" />
              <MetadataToken />
              <Name>System.Void FluentCommand.DataCache::.ctor(FluentCommand.Caching.CacheManager)</Name>
              <FileRef uid="1" />
              <SequencePoints>
                <SequencePoint vc="0" uspid="25" ordinal="0" sl="25" sc="1" el="25" ec="2" bec="0" bev="0" fileid="1" />
                <SequencePoint vc="0" uspid="27" ordinal="1" sl="27" sc="1" el="27" ec="2" bec="0" bev="0" fileid="1" />
                <SequencePoint vc="0" uspid="28" ordinal="2" sl="28" sc="1" el="28" ec="2" bec="0" bev="0" fileid="1" />
              </SequencePoints>
              <BranchPoints />
              <MethodPoint vc="0" uspid="0" p8:type="SequencePoint" ordinal="6" offset="6" sc="0" sl="25" ec="1" el="28" bec="0" bev="0" fileid="1" xmlns:p8="xsi" />
            </Method>
            <Method cyclomaticComplexity="1" nPathComplexity="0" sequenceCoverage="0" branchCoverage="100" isConstructor="True" isGetter="False" isSetter="False" isStatic="True">
              <Summary numSequencePoints="1" visitedSequencePoints="0" numBranchPoints="0" visitedBranchPoints="0" sequenceCoverage="0" branchCoverage="100" maxCyclomaticComplexity="1" minCyclomaticComplexity="1" visitedClasses="0" numClasses="0" visitedMethods="0" numMethods="1" />
              <MetadataToken />
              <Name>System.Void FluentCommand.DataCache::.cctor()</Name>
              <FileRef uid="1" />
              <SequencePoints>
                <SequencePoint vc="0" uspid="74" ordinal="0" sl="74" sc="1" el="74" ec="2" bec="0" bev="0" fileid="1" />
              </SequencePoints>
              <BranchPoints />
              <MethodPoint vc="0" uspid="0" p8:type="SequencePoint" ordinal="7" offset="7" sc="0" sl="74" ec="1" el="74" bec="0" bev="0" fileid="1" xmlns:p8="xsi" />
            </Method>
          </Methods>
        </Class>
        <Class>
          <Summary numSequencePoints="8" visitedSequencePoints="0" numBranchPoints="2" visitedBranchPoints="0" sequenceCoverage="0" branchCoverage="0" maxCyclomaticComplexity="2" minCyclomaticComplexity="1" visitedClasses="0" numClasses="1" visitedMethods="0" numMethods="4" />
          <FullName>FluentCommand.DataCallback</FullName>
          <Methods>
            <Method cyclomaticComplexity="1" nPathComplexity="0" sequenceCoverage="0" branchCoverage="100" isConstructor="False" isGetter="True" isSetter="False" isStatic="True">
              <Summary numSequencePoints="1" visitedSequencePoints="0" numBranchPoints="0" visitedBranchPoints="0" sequenceCoverage="0" branchCoverage="100" maxCyclomaticComplexity="1" minCyclomaticComplexity="1" visitedClasses="0" numClasses="0" visitedMethods="0" numMethods="1" />
              <MetadataToken />
              <Name>System.Type FluentCommand.DataCallback::get_Type()</Name>
              <FileRef uid="2" />
              <SequencePoints>
                <SequencePoint vc="0" uspid="12" ordinal="0" sl="12" sc="1" el="12" ec="2" bec="0" bev="0" fileid="2" />
              </SequencePoints>
              <BranchPoints />
              <MethodPoint vc="0" uspid="0" p8:type="SequencePoint" ordinal="0" offset="0" sc="0" sl="12" ec="1" el="12" bec="0" bev="0" fileid="2" xmlns:p8="xsi" />
            </Method>
            <Method cyclomaticComplexity="1" nPathComplexity="0" sequenceCoverage="0" branchCoverage="100" isConstructor="False" isGetter="True" isSetter="False" isStatic="True">
              <Summary numSequencePoints="1" visitedSequencePoints="0" numBranchPoints="0" visitedBranchPoints="0" sequenceCoverage="0" branchCoverage="100" maxCyclomaticComplexity="1" minCyclomaticComplexity="1" visitedClasses="0" numClasses="0" visitedMethods="0" numMethods="1" />
              <MetadataToken />
              <Name>System.Delegate FluentCommand.DataCallback::get_Callback()</Name>
              <FileRef uid="2" />
              <SequencePoints>
                <SequencePoint vc="0" uspid="16" ordinal="0" sl="16" sc="1" el="16" ec="2" bec="0" bev="0" fileid="2" />
              </SequencePoints>
              <BranchPoints />
              <MethodPoint vc="0" uspid="0" p8:type="SequencePoint" ordinal="1" offset="1" sc="0" sl="16" ec="1" el="16" bec="0" bev="0" fileid="2" xmlns:p8="xsi" />
            </Method>
            <Method cyclomaticComplexity="1" nPathComplexity="0" sequenceCoverage="0" branchCoverage="100" isConstructor="False" isGetter="True" isSetter="False" isStatic="True">
              <Summary numSequencePoints="1" visitedSequencePoints="0" numBranchPoints="0" visitedBranchPoints="0" sequenceCoverage="0" branchCoverage="100" maxCyclomaticComplexity="1" minCyclomaticComplexity="1" visitedClasses="0" numClasses="0" visitedMethods="0" numMethods="1" />
              <MetadataToken />
              <Name>System.Data.Common.DbParameter FluentCommand.DataCallback::get_Parameter()</Name>
              <FileRef uid="2" />
              <SequencePoints>
                <SequencePoint vc="0" uspid="20" ordinal="0" sl="20" sc="1" el="20" ec="2" bec="0" bev="0" fileid="2" />
              </SequencePoints>
              <BranchPoints />
              <MethodPoint vc="0" uspid="0" p8:type="SequencePoint" ordinal="2" offset="2" sc="0" sl="20" ec="1" el="20" bec="0" bev="0" fileid="2" xmlns:p8="xsi" />
            </Method>
            <Method cyclomaticComplexity="2" nPathComplexity="0" sequenceCoverage="0" branchCoverage="0" isConstructor="False" isGetter="False" isSetter="False" isStatic="True">
              <Summary numSequencePoints="5" visitedSequencePoints="0" numBranchPoints="2" visitedBranchPoints="0" sequenceCoverage="0" branchCoverage="0" maxCyclomaticComplexity="2" minCyclomaticComplexity="2" visitedClasses="0" numClasses="0" visitedMethods="0" numMethods="1" />
              <MetadataToken />
              <Name>System.Void FluentCommand.DataCallback::Invoke()</Name>
              <FileRef uid="2" />
              <SequencePoints>
                <SequencePoint vc="0" uspid="27" ordinal="0" sl="27" sc="1" el="27" ec="2" bec="0" bev="0" fileid="2" />
                <SequencePoint vc="0" uspid="28" ordinal="1" sl="28" sc="1" el="28" ec="2" bec="0" bev="0" fileid="2" />
                <SequencePoint vc="0" uspid="29" ordinal="2" sl="29" sc="1" el="29" ec="2" bec="0" bev="0" fileid="2" />
                <SequencePoint vc="0" uspid="31" ordinal="3" sl="31" sc="1" el="31" ec="2" bec="0" bev="0" fileid="2" />
                <SequencePoint vc="0" uspid="32" ordinal="4" sl="32" sc="1" el="32" ec="2" bec="0" bev="0" fileid="2" />
              </SequencePoints>
              <BranchPoints>
                <BranchPoint vc="0" uspid="28" ordinal="0" path="0" offset="18" offsetend="20" sl="28" fileid="2" />
                <BranchPoint vc="0" uspid="28" ordinal="1" path="1" offset="18" offsetend="32" sl="28" fileid="2" />
              </BranchPoints>
              <MethodPoint vc="0" uspid="0" p8:type="SequencePoint" ordinal="3" offset="3" sc="0" sl="27" ec="1" el="32" bec="0" bev="0" fileid="2" xmlns:p8="xsi" />
            </Method>
          </Methods>
        </Class>
        <Class>
          <Summary numSequencePoints="228" visitedSequencePoints="0" numBranchPoints="90" visitedBranchPoints="0" sequenceCoverage="0" branchCoverage="0" maxCyclomaticComplexity="22" minCyclomaticComplexity="1" visitedClasses="0" numClasses="1" visitedMethods="0" numMethods="24" />
          <FullName>FluentCommand.DataCommand</FullName>
          <Methods>
            <Method cyclomaticComplexity="1" nPathComplexity="0" sequenceCoverage="0" branchCoverage="100" isConstructor="False" isGetter="True" isSetter="False" isStatic="True">
              <Summary numSequencePoints="1" visitedSequencePoints="0" numBranchPoints="0" visitedBranchPoints="0" sequenceCoverage="0" branchCoverage="100" maxCyclomaticComplexity="1" minCyclomaticComplexity="1" visitedClasses="0" numClasses="0" visitedMethods="0" numMethods="1" />
              <MetadataToken />
              <Name>System.Data.Common.DbCommand FluentCommand.DataCommand::get_Command()</Name>
              <FileRef uid="3" />
              <SequencePoints>
                <SequencePoint vc="0" uspid="40" ordinal="0" sl="40" sc="1" el="40" ec="2" bec="0" bev="0" fileid="3" />
              </SequencePoints>
              <BranchPoints />
              <MethodPoint vc="0" uspid="0" p8:type="SequencePoint" ordinal="0" offset="0" sc="0" sl="40" ec="1" el="40" bec="0" bev="0" fileid="3" xmlns:p8="xsi" />
            </Method>
            <Method cyclomaticComplexity="1" nPathComplexity="0" sequenceCoverage="0" branchCoverage="100" isConstructor="False" isGetter="False" isSetter="False" isStatic="True">
              <Summary numSequencePoints="3" visitedSequencePoints="0" numBranchPoints="0" visitedBranchPoints="0" sequenceCoverage="0" branchCoverage="100" maxCyclomaticComplexity="1" minCyclomaticComplexity="1" visitedClasses="0" numClasses="0" visitedMethods="0" numMethods="1" />
              <MetadataToken />
              <Name>FluentCommand.IDataCommand FluentCommand.DataCommand::Sql(System.String)</Name>
              <FileRef uid="3" />
              <SequencePoints>
                <SequencePoint vc="0" uspid="51" ordinal="0" sl="51" sc="1" el="51" ec="2" bec="0" bev="0" fileid="3" />
                <SequencePoint vc="0" uspid="52" ordinal="1" sl="52" sc="1" el="52" ec="2" bec="0" bev="0" fileid="3" />
                <SequencePoint vc="0" uspid="53" ordinal="2" sl="53" sc="1" el="53" ec="2" bec="0" bev="0" fileid="3" />
              </SequencePoints>
              <BranchPoints />
              <MethodPoint vc="0" uspid="0" p8:type="SequencePoint" ordinal="1" offset="1" sc="0" sl="51" ec="1" el="53" bec="0" bev="0" fileid="3" xmlns:p8="xsi" />
            </Method>
            <Method cyclomaticComplexity="1" nPathComplexity="0" sequenceCoverage="0" branchCoverage="100" isConstructor="False" isGetter="False" isSetter="False" isStatic="True">
              <Summary numSequencePoints="3" visitedSequencePoints="0" numBranchPoints="0" visitedBranchPoints="0" sequenceCoverage="0" branchCoverage="100" maxCyclomaticComplexity="1" minCyclomaticComplexity="1" visitedClasses="0" numClasses="0" visitedMethods="0" numMethods="1" />
              <MetadataToken />
              <Name>FluentCommand.IDataCommand FluentCommand.DataCommand::StoredProcedure(System.String)</Name>
              <FileRef uid="3" />
              <SequencePoints>
                <SequencePoint vc="0" uspid="65" ordinal="0" sl="65" sc="1" el="65" ec="2" bec="0" bev="0" fileid="3" />
                <SequencePoint vc="0" uspid="66" ordinal="1" sl="66" sc="1" el="66" ec="2" bec="0" bev="0" fileid="3" />
                <SequencePoint vc="0" uspid="67" ordinal="2" sl="67" sc="1" el="67" ec="2" bec="0" bev="0" fileid="3" />
              </SequencePoints>
              <BranchPoints />
              <MethodPoint vc="0" uspid="0" p8:type="SequencePoint" ordinal="2" offset="2" sc="0" sl="65" ec="1" el="67" bec="0" bev="0" fileid="3" xmlns:p8="xsi" />
            </Method>
            <Method cyclomaticComplexity="1" nPathComplexity="0" sequenceCoverage="0" branchCoverage="100" isConstructor="False" isGetter="False" isSetter="False" isStatic="True">
              <Summary numSequencePoints="2" visitedSequencePoints="0" numBranchPoints="0" visitedBranchPoints="0" sequenceCoverage="0" branchCoverage="100" maxCyclomaticComplexity="1" minCyclomaticComplexity="1" visitedClasses="0" numClasses="0" visitedMethods="0" numMethods="1" />
              <MetadataToken />
              <Name>FluentCommand.IDataCommand FluentCommand.DataCommand::CommandTimeout(System.Int32)</Name>
              <FileRef uid="3" />
              <SequencePoints>
                <SequencePoint vc="0" uspid="80" ordinal="0" sl="80" sc="1" el="80" ec="2" bec="0" bev="0" fileid="3" />
                <SequencePoint vc="0" uspid="81" ordinal="1" sl="81" sc="1" el="81" ec="2" bec="0" bev="0" fileid="3" />
              </SequencePoints>
              <BranchPoints />
              <MethodPoint vc="0" uspid="0" p8:type="SequencePoint" ordinal="3" offset="3" sc="0" sl="80" ec="1" el="81" bec="0" bev="0" fileid="3" xmlns:p8="xsi" />
            </Method>
            <Method cyclomaticComplexity="2" nPathComplexity="0" sequenceCoverage="0" branchCoverage="0" isConstructor="False" isGetter="False" isSetter="False" isStatic="True">
              <Summary numSequencePoints="4" visitedSequencePoints="0" numBranchPoints="2" visitedBranchPoints="0" sequenceCoverage="0" branchCoverage="0" maxCyclomaticComplexity="2" minCyclomaticComplexity="2" visitedClasses="0" numClasses="0" visitedMethods="0" numMethods="1" />
              <MetadataToken />
              <Name>FluentCommand.IDataCommand FluentCommand.DataCommand::Parameter(System.Data.Common.DbParameter)</Name>
              <FileRef uid="3" />
              <SequencePoints>
                <SequencePoint vc="0" uspid="95" ordinal="0" sl="95" sc="1" el="95" ec="2" bec="0" bev="0" fileid="3" />
                <SequencePoint vc="0" uspid="96" ordinal="1" sl="96" sc="1" el="96" ec="2" bec="0" bev="0" fileid="3" />
                <SequencePoint vc="0" uspid="98" ordinal="2" sl="98" sc="1" el="98" ec="2" bec="0" bev="0" fileid="3" />
                <SequencePoint vc="0" uspid="99" ordinal="3" sl="99" sc="1" el="99" ec="2" bec="0" bev="0" fileid="3" />
              </SequencePoints>
              <BranchPoints>
                <BranchPoint vc="0" uspid="95" ordinal="0" path="0" offset="1" offsetend="3" sl="95" fileid="3" />
                <BranchPoint vc="0" uspid="95" ordinal="1" path="1" offset="1" offsetend="14" sl="95" fileid="3" />
              </BranchPoints>
              <MethodPoint vc="0" uspid="0" p8:type="SequencePoint" ordinal="4" offset="4" sc="0" sl="95" ec="1" el="99" bec="0" bev="0" fileid="3" xmlns:p8="xsi" />
            </Method>
            <Method cyclomaticComplexity="1" nPathComplexity="0" sequenceCoverage="0" branchCoverage="100" isConstructor="False" isGetter="False" isSetter="False" isStatic="True">
              <Summary numSequencePoints="8" visitedSequencePoints="0" numBranchPoints="0" visitedBranchPoints="0" sequenceCoverage="0" branchCoverage="100" maxCyclomaticComplexity="1" minCyclomaticComplexity="1" visitedClasses="0" numClasses="0" visitedMethods="0" numMethods="1" />
              <MetadataToken />
              <Name>FluentCommand.IDataCommand FluentCommand.DataCommand::RegisterCallback(System.Data.Common.DbParameter,System.Action`1&lt;TParameter&gt;)</Name>
              <FileRef uid="3" />
              <SequencePoints>
                <SequencePoint vc="0" uspid="113" ordinal="0" sl="113" sc="1" el="113" ec="2" bec="0" bev="0" fileid="3" />
                <SequencePoint vc="0" uspid="114" ordinal="1" sl="114" sc="1" el="114" ec="2" bec="0" bev="0" fileid="3" />
                <SequencePoint vc="0" uspid="115" ordinal="2" sl="115" sc="1" el="115" ec="2" bec="0" bev="0" fileid="3" />
                <SequencePoint vc="0" uspid="116" ordinal="3" sl="116" sc="1" el="116" ec="2" bec="0" bev="0" fileid="3" />
                <SequencePoint vc="0" uspid="117" ordinal="4" sl="117" sc="1" el="117" ec="2" bec="0" bev="0" fileid="3" />
                <SequencePoint vc="0" uspid="118" ordinal="5" sl="118" sc="1" el="118" ec="2" bec="0" bev="0" fileid="3" />
                <SequencePoint vc="0" uspid="119" ordinal="6" sl="119" sc="1" el="119" ec="2" bec="0" bev="0" fileid="3" />
                <SequencePoint vc="0" uspid="121" ordinal="7" sl="121" sc="1" el="121" ec="2" bec="0" bev="0" fileid="3" />
              </SequencePoints>
              <BranchPoints />
              <MethodPoint vc="0" uspid="0" p8:type="SequencePoint" ordinal="5" offset="5" sc="0" sl="113" ec="1" el="121" bec="0" bev="0" fileid="3" xmlns:p8="xsi" />
            </Method>
            <Method cyclomaticComplexity="4" nPathComplexity="0" sequenceCoverage="0" branchCoverage="0" isConstructor="False" isGetter="False" isSetter="False" isStatic="True">
              <Summary numSequencePoints="4" visitedSequencePoints="0" numBranchPoints="4" visitedBranchPoints="0" sequenceCoverage="0" branchCoverage="0" maxCyclomaticComplexity="4" minCyclomaticComplexity="4" visitedClasses="0" numClasses="0" visitedMethods="0" numMethods="1" />
              <MetadataToken />
              <Name>FluentCommand.IDataCommand FluentCommand.DataCommand::UseCache(System.TimeSpan)</Name>
              <FileRef uid="3" />
              <SequencePoints>
                <SequencePoint vc="0" uspid="137" ordinal="0" sl="137" sc="1" el="137" ec="2" bec="0" bev="0" fileid="3" />
                <SequencePoint vc="0" uspid="138" ordinal="1" sl="138" sc="1" el="138" ec="2" bec="0" bev="0" fileid="3" />
                <SequencePoint vc="0" uspid="139" ordinal="2" sl="139" sc="1" el="139" ec="2" bec="0" bev="0" fileid="3" />
                <SequencePoint vc="0" uspid="141" ordinal="3" sl="141" sc="1" el="141" ec="2" bec="0" bev="0" fileid="3" />
              </SequencePoints>
              <BranchPoints>
                <BranchPoint vc="0" uspid="138" ordinal="0" path="0" offset="23" offsetend="25" sl="138" fileid="3" />
                <BranchPoint vc="0" uspid="138" ordinal="2" path="0" offset="37" offsetend="39" sl="138" fileid="3" />
                <BranchPoint vc="0" uspid="138" ordinal="1" path="1" offset="23" offsetend="50" sl="138" fileid="3" />
                <BranchPoint vc="0" uspid="138" ordinal="3" path="1" offset="37" offsetend="50" sl="138" fileid="3" />
              </BranchPoints>
              <MethodPoint vc="0" uspid="0" p8:type="SequencePoint" ordinal="6" offset="6" sc="0" sl="137" ec="1" el="141" bec="0" bev="0" fileid="3" xmlns:p8="xsi" />
            </Method>
            <Method cyclomaticComplexity="4" nPathComplexity="0" sequenceCoverage="0" branchCoverage="0" isConstructor="False" isGetter="False" isSetter="False" isStatic="True">
              <Summary numSequencePoints="4" visitedSequencePoints="0" numBranchPoints="4" visitedBranchPoints="0" sequenceCoverage="0" branchCoverage="0" maxCyclomaticComplexity="4" minCyclomaticComplexity="4" visitedClasses="0" numClasses="0" visitedMethods="0" numMethods="1" />
              <MetadataToken />
              <Name>FluentCommand.IDataCommand FluentCommand.DataCommand::UseCache(System.DateTimeOffset)</Name>
              <FileRef uid="3" />
              <SequencePoints>
                <SequencePoint vc="0" uspid="154" ordinal="0" sl="154" sc="1" el="154" ec="2" bec="0" bev="0" fileid="3" />
                <SequencePoint vc="0" uspid="155" ordinal="1" sl="155" sc="1" el="155" ec="2" bec="0" bev="0" fileid="3" />
                <SequencePoint vc="0" uspid="156" ordinal="2" sl="156" sc="1" el="156" ec="2" bec="0" bev="0" fileid="3" />
                <SequencePoint vc="0" uspid="158" ordinal="3" sl="158" sc="1" el="158" ec="2" bec="0" bev="0" fileid="3" />
              </SequencePoints>
              <BranchPoints>
                <BranchPoint vc="0" uspid="155" ordinal="0" path="0" offset="23" offsetend="25" sl="155" fileid="3" />
                <BranchPoint vc="0" uspid="155" ordinal="2" path="0" offset="37" offsetend="39" sl="155" fileid="3" />
                <BranchPoint vc="0" uspid="155" ordinal="1" path="1" offset="23" offsetend="50" sl="155" fileid="3" />
                <BranchPoint vc="0" uspid="155" ordinal="3" path="1" offset="37" offsetend="50" sl="155" fileid="3" />
              </BranchPoints>
              <MethodPoint vc="0" uspid="0" p8:type="SequencePoint" ordinal="7" offset="7" sc="0" sl="154" ec="1" el="158" bec="0" bev="0" fileid="3" xmlns:p8="xsi" />
            </Method>
            <Method cyclomaticComplexity="4" nPathComplexity="0" sequenceCoverage="0" branchCoverage="0" isConstructor="False" isGetter="False" isSetter="False" isStatic="True">
              <Summary numSequencePoints="4" visitedSequencePoints="0" numBranchPoints="4" visitedBranchPoints="0" sequenceCoverage="0" branchCoverage="0" maxCyclomaticComplexity="4" minCyclomaticComplexity="4" visitedClasses="0" numClasses="0" visitedMethods="0" numMethods="1" />
              <MetadataToken />
              <Name>FluentCommand.IDataCommand FluentCommand.DataCommand::ExpireCache()</Name>
              <FileRef uid="3" />
              <SequencePoints>
                <SequencePoint vc="0" uspid="176" ordinal="0" sl="176" sc="1" el="176" ec="2" bec="0" bev="0" fileid="3" />
                <SequencePoint vc="0" uspid="177" ordinal="1" sl="177" sc="1" el="177" ec="2" bec="0" bev="0" fileid="3" />
                <SequencePoint vc="0" uspid="178" ordinal="2" sl="178" sc="1" el="178" ec="2" bec="0" bev="0" fileid="3" />
                <SequencePoint vc="0" uspid="180" ordinal="3" sl="180" sc="1" el="180" ec="2" bec="0" bev="0" fileid="3" />
              </SequencePoints>
              <BranchPoints>
                <BranchPoint vc="0" uspid="177" ordinal="0" path="0" offset="18" offsetend="20" sl="177" fileid="3" />
                <BranchPoint vc="0" uspid="177" ordinal="2" path="0" offset="21" offsetend="23" sl="177" fileid="3" />
                <BranchPoint vc="0" uspid="177" ordinal="1" path="1" offset="18" offsetend="40" sl="177" fileid="3" />
                <BranchPoint vc="0" uspid="177" ordinal="3" path="1" offset="21" offsetend="40" sl="177" fileid="3" />
              </BranchPoints>
              <MethodPoint vc="0" uspid="0" p8:type="SequencePoint" ordinal="8" offset="8" sc="0" sl="176" ec="1" el="180" bec="0" bev="0" fileid="3" xmlns:p8="xsi" />
            </Method>
            <Method cyclomaticComplexity="6" nPathComplexity="0" sequenceCoverage="0" branchCoverage="0" isConstructor="False" isGetter="False" isSetter="False" isStatic="True">
              <Summary numSequencePoints="21" visitedSequencePoints="0" numBranchPoints="6" visitedBranchPoints="0" sequenceCoverage="0" branchCoverage="0" maxCyclomaticComplexity="6" minCyclomaticComplexity="6" visitedClasses="0" numClasses="0" visitedMethods="0" numMethods="1" />
              <MetadataToken />
              <Name>System.Collections.Generic.IEnumerable`1&lt;TEntity&gt; FluentCommand.DataCommand::Query(System.Func`2&lt;System.Data.IDataReader,TEntity&gt;)</Name>
              <FileRef uid="3" />
              <SequencePoints>
                <SequencePoint vc="0" uspid="195" ordinal="0" sl="195" sc="1" el="195" ec="2" bec="0" bev="0" fileid="3" />
                <SequencePoint vc="0" uspid="196" ordinal="1" sl="196" sc="1" el="196" ec="2" bec="0" bev="0" fileid="3" />
                <SequencePoint vc="0" uspid="198" ordinal="2" sl="198" sc="1" el="198" ec="2" bec="0" bev="0" fileid="3" />
                <SequencePoint vc="0" uspid="202" ordinal="3" sl="202" sc="1" el="202" ec="2" bec="0" bev="0" fileid="3" />
                <SequencePoint vc="0" uspid="203" ordinal="4" sl="203" sc="1" el="203" ec="2" bec="0" bev="0" fileid="3" />
                <SequencePoint vc="0" uspid="204" ordinal="5" sl="204" sc="1" el="204" ec="2" bec="0" bev="0" fileid="3" />
                <SequencePoint vc="0" uspid="206" ordinal="6" sl="206" sc="1" el="206" ec="2" bec="0" bev="0" fileid="3" />
                <SequencePoint vc="0" uspid="207" ordinal="7" sl="207" sc="1" el="207" ec="2" bec="0" bev="0" fileid="3" />
                <SequencePoint vc="0" uspid="209" ordinal="8" sl="209" sc="1" el="209" ec="2" bec="0" bev="0" fileid="3" />
                <SequencePoint vc="0" uspid="210" ordinal="9" sl="210" sc="1" el="210" ec="2" bec="0" bev="0" fileid="3" />
                <SequencePoint vc="0" uspid="212" ordinal="10" sl="212" sc="1" el="212" ec="2" bec="0" bev="0" fileid="3" />
                <SequencePoint vc="0" uspid="214" ordinal="11" sl="214" sc="1" el="214" ec="2" bec="0" bev="0" fileid="3" />
                <SequencePoint vc="0" uspid="215" ordinal="12" sl="215" sc="1" el="215" ec="2" bec="0" bev="0" fileid="3" />
                <SequencePoint vc="0" uspid="217" ordinal="13" sl="217" sc="1" el="217" ec="2" bec="0" bev="0" fileid="3" />
                <SequencePoint vc="0" uspid="219" ordinal="14" sl="219" sc="1" el="219" ec="2" bec="0" bev="0" fileid="3" />
                <SequencePoint vc="0" uspid="221" ordinal="15" sl="221" sc="1" el="221" ec="2" bec="0" bev="0" fileid="3" />
                <SequencePoint vc="0" uspid="222" ordinal="16" sl="222" sc="1" el="222" ec="2" bec="0" bev="0" fileid="3" />
                <SequencePoint vc="0" uspid="226" ordinal="17" sl="226" sc="1" el="226" ec="2" bec="0" bev="0" fileid="3" />
                <SequencePoint vc="0" uspid="227" ordinal="18" sl="227" sc="1" el="227" ec="2" bec="0" bev="0" fileid="3" />
                <SequencePoint vc="0" uspid="228" ordinal="19" sl="228" sc="1" el="228" ec="2" bec="0" bev="0" fileid="3" />
                <SequencePoint vc="0" uspid="229" ordinal="20" sl="229" sc="1" el="229" ec="2" bec="0" bev="0" fileid="3" />
              </SequencePoints>
              <BranchPoints>
                <BranchPoint vc="0" uspid="195" ordinal="0" path="0" offset="1" offsetend="3" sl="195" fileid="3" />
                <BranchPoint vc="0" uspid="195" ordinal="1" path="1" offset="1" offsetend="14" sl="195" fileid="3" />
                <BranchPoint vc="0" uspid="203" ordinal="2" path="0" offset="41" offsetend="43" sl="203" fileid="3" />
                <BranchPoint vc="0" uspid="203" ordinal="3" path="1" offset="41" offsetend="47" sl="203" fileid="3" />
                <BranchPoint vc="0" uspid="212" ordinal="5" path="1" offset="107" offsetend="84" sl="212" fileid="3" />
                <BranchPoint vc="0" uspid="212" ordinal="4" path="0" offset="107" offsetend="109" sl="212" fileid="3" />
              </BranchPoints>
              <MethodPoint vc="0" uspid="0" p8:type="SequencePoint" ordinal="9" offset="9" sc="0" sl="195" ec="1" el="229" bec="0" bev="0" fileid="3" xmlns:p8="xsi" />
            </Method>
            <Method cyclomaticComplexity="6" nPathComplexity="0" sequenceCoverage="0" branchCoverage="0" isConstructor="False" isGetter="False" isSetter="False" isStatic="True">
              <Summary numSequencePoints="20" visitedSequencePoints="0" numBranchPoints="6" visitedBranchPoints="0" sequenceCoverage="0" branchCoverage="0" maxCyclomaticComplexity="6" minCyclomaticComplexity="6" visitedClasses="0" numClasses="0" visitedMethods="0" numMethods="1" />
              <MetadataToken />
              <Name>TEntity FluentCommand.DataCommand::QuerySingle(System.Func`2&lt;System.Data.IDataReader,TEntity&gt;)</Name>
              <FileRef uid="3" />
              <SequencePoints>
                <SequencePoint vc="0" uspid="293" ordinal="0" sl="293" sc="1" el="293" ec="2" bec="0" bev="0" fileid="3" />
                <SequencePoint vc="0" uspid="294" ordinal="1" sl="294" sc="1" el="294" ec="2" bec="0" bev="0" fileid="3" />
                <SequencePoint vc="0" uspid="296" ordinal="2" sl="296" sc="1" el="296" ec="2" bec="0" bev="0" fileid="3" />
                <SequencePoint vc="0" uspid="300" ordinal="3" sl="300" sc="1" el="300" ec="2" bec="0" bev="0" fileid="3" />
                <SequencePoint vc="0" uspid="301" ordinal="4" sl="301" sc="1" el="301" ec="2" bec="0" bev="0" fileid="3" />
                <SequencePoint vc="0" uspid="302" ordinal="5" sl="302" sc="1" el="302" ec="2" bec="0" bev="0" fileid="3" />
                <SequencePoint vc="0" uspid="304" ordinal="6" sl="304" sc="1" el="304" ec="2" bec="0" bev="0" fileid="3" />
                <SequencePoint vc="0" uspid="306" ordinal="7" sl="306" sc="1" el="306" ec="2" bec="0" bev="0" fileid="3" />
                <SequencePoint vc="0" uspid="308" ordinal="8" sl="308" sc="1" el="308" ec="2" bec="0" bev="0" fileid="3" />
                <SequencePoint vc="0" uspid="310" ordinal="9" sl="310" sc="1" el="310" ec="2" bec="0" bev="0" fileid="3" />
                <SequencePoint vc="0" uspid="311" ordinal="10" sl="311" sc="1" el="311" ec="2" bec="0" bev="0" fileid="3" />
                <SequencePoint vc="0" uspid="312" ordinal="11" sl="312" sc="1" el="312" ec="2" bec="0" bev="0" fileid="3" />
                <SequencePoint vc="0" uspid="313" ordinal="12" sl="313" sc="1" el="313" ec="2" bec="0" bev="0" fileid="3" />
                <SequencePoint vc="0" uspid="315" ordinal="13" sl="315" sc="1" el="315" ec="2" bec="0" bev="0" fileid="3" />
                <SequencePoint vc="0" uspid="317" ordinal="14" sl="317" sc="1" el="317" ec="2" bec="0" bev="0" fileid="3" />
                <SequencePoint vc="0" uspid="318" ordinal="15" sl="318" sc="1" el="318" ec="2" bec="0" bev="0" fileid="3" />
                <SequencePoint vc="0" uspid="322" ordinal="16" sl="322" sc="1" el="322" ec="2" bec="0" bev="0" fileid="3" />
                <SequencePoint vc="0" uspid="323" ordinal="17" sl="323" sc="1" el="323" ec="2" bec="0" bev="0" fileid="3" />
                <SequencePoint vc="0" uspid="324" ordinal="18" sl="324" sc="1" el="324" ec="2" bec="0" bev="0" fileid="3" />
                <SequencePoint vc="0" uspid="325" ordinal="19" sl="325" sc="1" el="325" ec="2" bec="0" bev="0" fileid="3" />
              </SequencePoints>
              <BranchPoints>
                <BranchPoint vc="0" uspid="293" ordinal="0" path="0" offset="1" offsetend="3" sl="293" fileid="3" />
                <BranchPoint vc="0" uspid="293" ordinal="1" path="1" offset="1" offsetend="14" sl="293" fileid="3" />
                <BranchPoint vc="0" uspid="301" ordinal="2" path="0" offset="51" offsetend="53" sl="301" fileid="3" />
                <BranchPoint vc="0" uspid="301" ordinal="3" path="1" offset="51" offsetend="57" sl="301" fileid="3" />
                <BranchPoint vc="0" uspid="310" ordinal="4" path="0" offset="92" offsetend="94" sl="310" fileid="3" />
                <BranchPoint vc="0" uspid="310" ordinal="5" path="1" offset="92" offsetend="106" sl="310" fileid="3" />
              </BranchPoints>
              <MethodPoint vc="0" uspid="0" p8:type="SequencePoint" ordinal="10" offset="10" sc="0" sl="293" ec="1" el="325" bec="0" bev="0" fileid="3" xmlns:p8="xsi" />
            </Method>
            <Method cyclomaticComplexity="2" nPathComplexity="0" sequenceCoverage="0" branchCoverage="0" isConstructor="False" isGetter="False" isSetter="False" isStatic="True">
              <Summary numSequencePoints="16" visitedSequencePoints="0" numBranchPoints="2" visitedBranchPoints="0" sequenceCoverage="0" branchCoverage="0" maxCyclomaticComplexity="2" minCyclomaticComplexity="2" visitedClasses="0" numClasses="0" visitedMethods="0" numMethods="1" />
              <MetadataToken />
              <Name>TValue FluentCommand.DataCommand::QueryValue(System.Func`2&lt;System.Object,TValue&gt;)</Name>
              <FileRef uid="3" />
              <SequencePoints>
                <SequencePoint vc="0" uspid="385" ordinal="0" sl="385" sc="1" el="385" ec="2" bec="0" bev="0" fileid="3" />
                <SequencePoint vc="0" uspid="389" ordinal="1" sl="389" sc="1" el="389" ec="2" bec="0" bev="0" fileid="3" />
                <SequencePoint vc="0" uspid="390" ordinal="2" sl="390" sc="1" el="390" ec="2" bec="0" bev="0" fileid="3" />
                <SequencePoint vc="0" uspid="391" ordinal="3" sl="391" sc="1" el="391" ec="2" bec="0" bev="0" fileid="3" />
                <SequencePoint vc="0" uspid="392" ordinal="4" sl="392" sc="1" el="392" ec="2" bec="0" bev="0" fileid="3" />
                <SequencePoint vc="0" uspid="394" ordinal="5" sl="394" sc="1" el="394" ec="2" bec="0" bev="0" fileid="3" />
                <SequencePoint vc="0" uspid="396" ordinal="6" sl="396" sc="1" el="396" ec="2" bec="0" bev="0" fileid="3" />
                <SequencePoint vc="0" uspid="398" ordinal="7" sl="398" sc="1" el="398" ec="2" bec="0" bev="0" fileid="3" />
                <SequencePoint vc="0" uspid="399" ordinal="8" sl="399" sc="1" el="399" ec="2" bec="0" bev="0" fileid="3" />
                <SequencePoint vc="0" uspid="401" ordinal="9" sl="401" sc="1" el="401" ec="2" bec="0" bev="0" fileid="3" />
                <SequencePoint vc="0" uspid="403" ordinal="10" sl="403" sc="1" el="403" ec="2" bec="0" bev="0" fileid="3" />
                <SequencePoint vc="0" uspid="404" ordinal="11" sl="404" sc="1" el="404" ec="2" bec="0" bev="0" fileid="3" />
                <SequencePoint vc="0" uspid="408" ordinal="12" sl="408" sc="1" el="408" ec="2" bec="0" bev="0" fileid="3" />
                <SequencePoint vc="0" uspid="409" ordinal="13" sl="409" sc="1" el="409" ec="2" bec="0" bev="0" fileid="3" />
                <SequencePoint vc="0" uspid="410" ordinal="14" sl="410" sc="1" el="410" ec="2" bec="0" bev="0" fileid="3" />
                <SequencePoint vc="0" uspid="411" ordinal="15" sl="411" sc="1" el="411" ec="2" bec="0" bev="0" fileid="3" />
              </SequencePoints>
              <BranchPoints>
                <BranchPoint vc="0" uspid="391" ordinal="0" path="0" offset="22" offsetend="24" sl="391" fileid="3" />
                <BranchPoint vc="0" uspid="391" ordinal="1" path="1" offset="22" offsetend="34" sl="391" fileid="3" />
              </BranchPoints>
              <MethodPoint vc="0" uspid="0" p8:type="SequencePoint" ordinal="11" offset="11" sc="0" sl="385" ec="1" el="411" bec="0" bev="0" fileid="3" xmlns:p8="xsi" />
            </Method>
            <Method cyclomaticComplexity="2" nPathComplexity="0" sequenceCoverage="0" branchCoverage="0" isConstructor="False" isGetter="False" isSetter="False" isStatic="True">
              <Summary numSequencePoints="16" visitedSequencePoints="0" numBranchPoints="2" visitedBranchPoints="0" sequenceCoverage="0" branchCoverage="0" maxCyclomaticComplexity="2" minCyclomaticComplexity="2" visitedClasses="0" numClasses="0" visitedMethods="0" numMethods="1" />
              <MetadataToken />
              <Name>System.Data.DataTable FluentCommand.DataCommand::QueryTable()</Name>
              <FileRef uid="3" />
              <SequencePoints>
                <SequencePoint vc="0" uspid="461" ordinal="0" sl="461" sc="1" el="461" ec="2" bec="0" bev="0" fileid="3" />
                <SequencePoint vc="0" uspid="465" ordinal="1" sl="465" sc="1" el="465" ec="2" bec="0" bev="0" fileid="3" />
                <SequencePoint vc="0" uspid="466" ordinal="2" sl="466" sc="1" el="466" ec="2" bec="0" bev="0" fileid="3" />
                <SequencePoint vc="0" uspid="467" ordinal="3" sl="467" sc="1" el="467" ec="2" bec="0" bev="0" fileid="3" />
                <SequencePoint vc="0" uspid="469" ordinal="4" sl="469" sc="1" el="469" ec="2" bec="0" bev="0" fileid="3" />
                <SequencePoint vc="0" uspid="471" ordinal="5" sl="471" sc="1" el="471" ec="2" bec="0" bev="0" fileid="3" />
                <SequencePoint vc="0" uspid="473" ordinal="6" sl="473" sc="1" el="473" ec="2" bec="0" bev="0" fileid="3" />
                <SequencePoint vc="0" uspid="475" ordinal="7" sl="475" sc="1" el="475" ec="2" bec="0" bev="0" fileid="3" />
                <SequencePoint vc="0" uspid="476" ordinal="8" sl="476" sc="1" el="476" ec="2" bec="0" bev="0" fileid="3" />
                <SequencePoint vc="0" uspid="478" ordinal="9" sl="478" sc="1" el="478" ec="2" bec="0" bev="0" fileid="3" />
                <SequencePoint vc="0" uspid="480" ordinal="10" sl="480" sc="1" el="480" ec="2" bec="0" bev="0" fileid="3" />
                <SequencePoint vc="0" uspid="481" ordinal="11" sl="481" sc="1" el="481" ec="2" bec="0" bev="0" fileid="3" />
                <SequencePoint vc="0" uspid="485" ordinal="12" sl="485" sc="1" el="485" ec="2" bec="0" bev="0" fileid="3" />
                <SequencePoint vc="0" uspid="486" ordinal="13" sl="486" sc="1" el="486" ec="2" bec="0" bev="0" fileid="3" />
                <SequencePoint vc="0" uspid="487" ordinal="14" sl="487" sc="1" el="487" ec="2" bec="0" bev="0" fileid="3" />
                <SequencePoint vc="0" uspid="489" ordinal="15" sl="489" sc="1" el="489" ec="2" bec="0" bev="0" fileid="3" />
              </SequencePoints>
              <BranchPoints>
                <BranchPoint vc="0" uspid="466" ordinal="0" path="0" offset="27" offsetend="29" sl="466" fileid="3" />
                <BranchPoint vc="0" uspid="466" ordinal="1" path="1" offset="27" offsetend="33" sl="466" fileid="3" />
              </BranchPoints>
              <MethodPoint vc="0" uspid="0" p8:type="SequencePoint" ordinal="12" offset="12" sc="0" sl="461" ec="1" el="489" bec="0" bev="0" fileid="3" xmlns:p8="xsi" />
            </Method>
            <Method cyclomaticComplexity="2" nPathComplexity="0" sequenceCoverage="0" branchCoverage="0" isConstructor="False" isGetter="False" isSetter="False" isStatic="True">
              <Summary numSequencePoints="15" visitedSequencePoints="0" numBranchPoints="2" visitedBranchPoints="0" sequenceCoverage="0" branchCoverage="0" maxCyclomaticComplexity="2" minCyclomaticComplexity="2" visitedClasses="0" numClasses="0" visitedMethods="0" numMethods="1" />
              <MetadataToken />
              <Name>System.Void FluentCommand.DataCommand::QueryMultiple(System.Action`1&lt;FluentCommand.IDataQuery&gt;)</Name>
              <FileRef uid="3" />
              <SequencePoints>
                <SequencePoint vc="0" uspid="537" ordinal="0" sl="537" sc="1" el="537" ec="2" bec="0" bev="0" fileid="3" />
                <SequencePoint vc="0" uspid="538" ordinal="1" sl="538" sc="1" el="538" ec="2" bec="0" bev="0" fileid="3" />
                <SequencePoint vc="0" uspid="540" ordinal="2" sl="540" sc="1" el="540" ec="2" bec="0" bev="0" fileid="3" />
                <SequencePoint vc="0" uspid="544" ordinal="3" sl="544" sc="1" el="544" ec="2" bec="0" bev="0" fileid="3" />
                <SequencePoint vc="0" uspid="546" ordinal="4" sl="546" sc="1" el="546" ec="2" bec="0" bev="0" fileid="3" />
                <SequencePoint vc="0" uspid="549" ordinal="5" sl="549" sc="1" el="549" ec="2" bec="0" bev="0" fileid="3" />
                <SequencePoint vc="0" uspid="551" ordinal="6" sl="551" sc="1" el="551" ec="2" bec="0" bev="0" fileid="3" />
                <SequencePoint vc="0" uspid="552" ordinal="7" sl="552" sc="1" el="552" ec="2" bec="0" bev="0" fileid="3" />
                <SequencePoint vc="0" uspid="553" ordinal="8" sl="553" sc="1" el="553" ec="2" bec="0" bev="0" fileid="3" />
                <SequencePoint vc="0" uspid="555" ordinal="9" sl="555" sc="1" el="555" ec="2" bec="0" bev="0" fileid="3" />
                <SequencePoint vc="0" uspid="556" ordinal="10" sl="556" sc="1" el="556" ec="2" bec="0" bev="0" fileid="3" />
                <SequencePoint vc="0" uspid="559" ordinal="11" sl="559" sc="1" el="559" ec="2" bec="0" bev="0" fileid="3" />
                <SequencePoint vc="0" uspid="560" ordinal="12" sl="560" sc="1" el="560" ec="2" bec="0" bev="0" fileid="3" />
                <SequencePoint vc="0" uspid="561" ordinal="13" sl="561" sc="1" el="561" ec="2" bec="0" bev="0" fileid="3" />
                <SequencePoint vc="0" uspid="562" ordinal="14" sl="562" sc="1" el="562" ec="2" bec="0" bev="0" fileid="3" />
              </SequencePoints>
              <BranchPoints>
                <BranchPoint vc="0" uspid="537" ordinal="0" path="0" offset="1" offsetend="3" sl="537" fileid="3" />
                <BranchPoint vc="0" uspid="537" ordinal="1" path="1" offset="1" offsetend="14" sl="537" fileid="3" />
              </BranchPoints>
              <MethodPoint vc="0" uspid="0" p8:type="SequencePoint" ordinal="13" offset="13" sc="0" sl="537" ec="1" el="562" bec="0" bev="0" fileid="3" xmlns:p8="xsi" />
            </Method>
            <Method cyclomaticComplexity="1" nPathComplexity="0" sequenceCoverage="0" branchCoverage="100" isConstructor="False" isGetter="False" isSetter="False" isStatic="True">
              <Summary numSequencePoints="10" visitedSequencePoints="0" numBranchPoints="0" visitedBranchPoints="0" sequenceCoverage="0" branchCoverage="100" maxCyclomaticComplexity="1" minCyclomaticComplexity="1" visitedClasses="0" numClasses="0" visitedMethods="0" numMethods="1" />
              <MetadataToken />
              <Name>System.Int32 FluentCommand.DataCommand::Execute()</Name>
              <FileRef uid="3" />
              <SequencePoints>
                <SequencePoint vc="0" uspid="607" ordinal="0" sl="607" sc="1" el="607" ec="2" bec="0" bev="0" fileid="3" />
                <SequencePoint vc="0" uspid="611" ordinal="1" sl="611" sc="1" el="611" ec="2" bec="0" bev="0" fileid="3" />
                <SequencePoint vc="0" uspid="613" ordinal="2" sl="613" sc="1" el="613" ec="2" bec="0" bev="0" fileid="3" />
                <SequencePoint vc="0" uspid="615" ordinal="3" sl="615" sc="1" el="615" ec="2" bec="0" bev="0" fileid="3" />
                <SequencePoint vc="0" uspid="617" ordinal="4" sl="617" sc="1" el="617" ec="2" bec="0" bev="0" fileid="3" />
                <SequencePoint vc="0" uspid="618" ordinal="5" sl="618" sc="1" el="618" ec="2" bec="0" bev="0" fileid="3" />
                <SequencePoint vc="0" uspid="622" ordinal="6" sl="622" sc="1" el="622" ec="2" bec="0" bev="0" fileid="3" />
                <SequencePoint vc="0" uspid="623" ordinal="7" sl="623" sc="1" el="623" ec="2" bec="0" bev="0" fileid="3" />
                <SequencePoint vc="0" uspid="624" ordinal="8" sl="624" sc="1" el="624" ec="2" bec="0" bev="0" fileid="3" />
                <SequencePoint vc="0" uspid="625" ordinal="9" sl="625" sc="1" el="625" ec="2" bec="0" bev="0" fileid="3" />
              </SequencePoints>
              <BranchPoints />
              <MethodPoint vc="0" uspid="0" p8:type="SequencePoint" ordinal="14" offset="14" sc="0" sl="607" ec="1" el="625" bec="0" bev="0" fileid="3" xmlns:p8="xsi" />
            </Method>
            <Method cyclomaticComplexity="1" nPathComplexity="0" sequenceCoverage="0" branchCoverage="100" isConstructor="False" isGetter="False" isSetter="False" isStatic="True">
              <Summary numSequencePoints="11" visitedSequencePoints="0" numBranchPoints="0" visitedBranchPoints="0" sequenceCoverage="0" branchCoverage="100" maxCyclomaticComplexity="1" minCyclomaticComplexity="1" visitedClasses="0" numClasses="0" visitedMethods="0" numMethods="1" />
              <MetadataToken />
              <Name>System.Void FluentCommand.DataCommand::Read(System.Action`1&lt;System.Data.IDataReader&gt;)</Name>
              <FileRef uid="3" />
              <SequencePoints>
                <SequencePoint vc="0" uspid="662" ordinal="0" sl="662" sc="1" el="662" ec="2" bec="0" bev="0" fileid="3" />
                <SequencePoint vc="0" uspid="666" ordinal="1" sl="666" sc="1" el="666" ec="2" bec="0" bev="0" fileid="3" />
                <SequencePoint vc="0" uspid="668" ordinal="2" sl="668" sc="1" el="668" ec="2" bec="0" bev="0" fileid="3" />
                <SequencePoint vc="0" uspid="670" ordinal="3" sl="670" sc="1" el="670" ec="2" bec="0" bev="0" fileid="3" />
                <SequencePoint vc="0" uspid="671" ordinal="4" sl="671" sc="1" el="671" ec="2" bec="0" bev="0" fileid="3" />
                <SequencePoint vc="0" uspid="673" ordinal="5" sl="673" sc="1" el="673" ec="2" bec="0" bev="0" fileid="3" />
                <SequencePoint vc="0" uspid="674" ordinal="6" sl="674" sc="1" el="674" ec="2" bec="0" bev="0" fileid="3" />
                <SequencePoint vc="0" uspid="677" ordinal="7" sl="677" sc="1" el="677" ec="2" bec="0" bev="0" fileid="3" />
                <SequencePoint vc="0" uspid="678" ordinal="8" sl="678" sc="1" el="678" ec="2" bec="0" bev="0" fileid="3" />
                <SequencePoint vc="0" uspid="679" ordinal="9" sl="679" sc="1" el="679" ec="2" bec="0" bev="0" fileid="3" />
                <SequencePoint vc="0" uspid="680" ordinal="10" sl="680" sc="1" el="680" ec="2" bec="0" bev="0" fileid="3" />
              </SequencePoints>
              <BranchPoints />
              <MethodPoint vc="0" uspid="0" p8:type="SequencePoint" ordinal="15" offset="15" sc="0" sl="662" ec="1" el="680" bec="0" bev="0" fileid="3" xmlns:p8="xsi" />
            </Method>
            <Method cyclomaticComplexity="2" nPathComplexity="0" sequenceCoverage="0" branchCoverage="0" isConstructor="False" isGetter="False" isSetter="False" isStatic="True">
              <Summary numSequencePoints="2" visitedSequencePoints="0" numBranchPoints="2" visitedBranchPoints="0" sequenceCoverage="0" branchCoverage="0" maxCyclomaticComplexity="2" minCyclomaticComplexity="2" visitedClasses="0" numClasses="0" visitedMethods="0" numMethods="1" />
              <MetadataToken />
              <Name>System.Void FluentCommand.DataCommand::DisposeManagedResources()</Name>
              <FileRef uid="3" />
              <SequencePoints>
                <SequencePoint vc="0" uspid="715" ordinal="0" sl="715" sc="1" el="715" ec="2" bec="0" bev="0" fileid="3" />
                <SequencePoint vc="0" uspid="716" ordinal="1" sl="716" sc="1" el="716" ec="2" bec="0" bev="0" fileid="3" />
              </SequencePoints>
              <BranchPoints>
                <BranchPoint vc="0" uspid="715" ordinal="0" path="0" offset="7" offsetend="9" sl="715" fileid="3" />
                <BranchPoint vc="0" uspid="715" ordinal="1" path="1" offset="7" offsetend="11" sl="715" fileid="3" />
              </BranchPoints>
              <MethodPoint vc="0" uspid="0" p8:type="SequencePoint" ordinal="16" offset="16" sc="0" sl="715" ec="1" el="716" bec="0" bev="0" fileid="3" xmlns:p8="xsi" />
            </Method>
            <Method cyclomaticComplexity="4" nPathComplexity="0" sequenceCoverage="0" branchCoverage="0" isConstructor="False" isGetter="False" isSetter="False" isStatic="True">
              <Summary numSequencePoints="6" visitedSequencePoints="0" numBranchPoints="4" visitedBranchPoints="0" sequenceCoverage="0" branchCoverage="0" maxCyclomaticComplexity="4" minCyclomaticComplexity="4" visitedClasses="0" numClasses="0" visitedMethods="0" numMethods="1" />
              <MetadataToken />
              <Name>System.Void FluentCommand.DataCommand::TriggerCallbacks()</Name>
              <FileRef uid="3" />
              <SequencePoints>
                <SequencePoint vc="0" uspid="721" ordinal="0" sl="721" sc="1" el="721" ec="2" bec="0" bev="0" fileid="3" />
                <SequencePoint vc="0" uspid="722" ordinal="1" sl="722" sc="1" el="722" ec="2" bec="0" bev="0" fileid="3" />
                <SequencePoint vc="0" uspid="724" ordinal="2" sl="724" sc="1" el="724" ec="2" bec="0" bev="0" fileid="3" />
                <SequencePoint vc="0" uspid="726" ordinal="3" sl="726" sc="1" el="726" ec="2" bec="0" bev="0" fileid="3" />
                <SequencePoint vc="0" uspid="727" ordinal="4" sl="727" sc="1" el="727" ec="2" bec="0" bev="0" fileid="3" />
                <SequencePoint vc="0" uspid="729" ordinal="5" sl="729" sc="1" el="729" ec="2" bec="0" bev="0" fileid="3" />
              </SequencePoints>
              <BranchPoints>
                <BranchPoint vc="0" uspid="721" ordinal="0" path="0" offset="11" offsetend="13" sl="721" fileid="3" />
                <BranchPoint vc="0" uspid="724" ordinal="3" path="1" offset="42" offsetend="14" sl="724" fileid="3" />
                <BranchPoint vc="0" uspid="721" ordinal="1" path="1" offset="11" offsetend="30" sl="721" fileid="3" />
                <BranchPoint vc="0" uspid="724" ordinal="2" path="0" offset="42" offsetend="44" sl="724" fileid="3" />
              </BranchPoints>
              <MethodPoint vc="0" uspid="0" p8:type="SequencePoint" ordinal="17" offset="17" sc="0" sl="721" ec="1" el="729" bec="0" bev="0" fileid="3" xmlns:p8="xsi" />
            </Method>
            <Method cyclomaticComplexity="22" nPathComplexity="0" sequenceCoverage="0" branchCoverage="0" isConstructor="False" isGetter="False" isSetter="False" isStatic="True">
              <Summary numSequencePoints="24" visitedSequencePoints="0" numBranchPoints="22" visitedBranchPoints="0" sequenceCoverage="0" branchCoverage="0" maxCyclomaticComplexity="22" minCyclomaticComplexity="22" visitedClasses="0" numClasses="0" visitedMethods="0" numMethods="1" />
              <MetadataToken />
              <Name>System.String FluentCommand.DataCommand::CacheKey()</Name>
              <FileRef uid="3" />
              <SequencePoints>
                <SequencePoint vc="0" uspid="734" ordinal="0" sl="734" sc="1" el="734" ec="2" bec="0" bev="0" fileid="3" />
                <SequencePoint vc="0" uspid="735" ordinal="1" sl="735" sc="1" el="735" ec="2" bec="0" bev="0" fileid="3" />
                <SequencePoint vc="0" uspid="737" ordinal="2" sl="737" sc="1" el="737" ec="2" bec="0" bev="0" fileid="3" />
                <SequencePoint vc="0" uspid="738" ordinal="3" sl="738" sc="1" el="738" ec="2" bec="0" bev="0" fileid="3" />
                <SequencePoint vc="0" uspid="741" ordinal="4" sl="741" sc="1" el="741" ec="2" bec="0" bev="0" fileid="3" />
                <SequencePoint vc="0" uspid="742" ordinal="5" sl="742" sc="1" el="742" ec="2" bec="0" bev="0" fileid="3" />
                <SequencePoint vc="0" uspid="743" ordinal="6" sl="743" sc="1" el="743" ec="2" bec="0" bev="0" fileid="3" />
                <SequencePoint vc="0" uspid="744" ordinal="7" sl="744" sc="1" el="744" ec="2" bec="0" bev="0" fileid="3" />
                <SequencePoint vc="0" uspid="748" ordinal="8" sl="748" sc="1" el="748" ec="2" bec="0" bev="0" fileid="3" />
                <SequencePoint vc="0" uspid="749" ordinal="9" sl="749" sc="1" el="749" ec="2" bec="0" bev="0" fileid="3" />
                <SequencePoint vc="0" uspid="750" ordinal="10" sl="750" sc="1" el="750" ec="2" bec="0" bev="0" fileid="3" />
                <SequencePoint vc="0" uspid="751" ordinal="11" sl="751" sc="1" el="751" ec="2" bec="0" bev="0" fileid="3" />
                <SequencePoint vc="0" uspid="752" ordinal="12" sl="752" sc="1" el="752" ec="2" bec="0" bev="0" fileid="3" />
                <SequencePoint vc="0" uspid="754" ordinal="13" sl="754" sc="1" el="754" ec="2" bec="0" bev="0" fileid="3" />
                <SequencePoint vc="0" uspid="756" ordinal="14" sl="756" sc="1" el="756" ec="2" bec="0" bev="0" fileid="3" />
                <SequencePoint vc="0" uspid="757" ordinal="15" sl="757" sc="1" el="757" ec="2" bec="0" bev="0" fileid="3" />
                <SequencePoint vc="0" uspid="758" ordinal="16" sl="758" sc="1" el="758" ec="2" bec="0" bev="0" fileid="3" />
                <SequencePoint vc="0" uspid="759" ordinal="17" sl="759" sc="1" el="759" ec="2" bec="0" bev="0" fileid="3" />
                <SequencePoint vc="0" uspid="761" ordinal="18" sl="761" sc="1" el="761" ec="2" bec="0" bev="0" fileid="3" />
                <SequencePoint vc="0" uspid="762" ordinal="19" sl="762" sc="1" el="762" ec="2" bec="0" bev="0" fileid="3" />
                <SequencePoint vc="0" uspid="764" ordinal="20" sl="764" sc="1" el="764" ec="2" bec="0" bev="0" fileid="3" />
                <SequencePoint vc="0" uspid="765" ordinal="21" sl="765" sc="1" el="765" ec="2" bec="0" bev="0" fileid="3" />
                <SequencePoint vc="0" uspid="766" ordinal="22" sl="766" sc="1" el="766" ec="2" bec="0" bev="0" fileid="3" />
                <SequencePoint vc="0" uspid="770" ordinal="23" sl="770" sc="1" el="770" ec="2" bec="0" bev="0" fileid="3" />
              </SequencePoints>
              <BranchPoints>
                <BranchPoint vc="0" uspid="734" ordinal="0" path="0" offset="11" offsetend="13" sl="734" fileid="3" />
                <BranchPoint vc="0" uspid="734" ordinal="1" path="1" offset="11" offsetend="15" sl="734" fileid="3" />
                <BranchPoint vc="0" uspid="737" ordinal="2" path="0" offset="26" offsetend="28" sl="737" fileid="3" />
                <BranchPoint vc="0" uspid="737" ordinal="4" path="0" offset="39" offsetend="41" sl="737" fileid="3" />
                <BranchPoint vc="0" uspid="737" ordinal="3" path="1" offset="26" offsetend="43" sl="737" fileid="3" />
                <BranchPoint vc="0" uspid="737" ordinal="5" path="1" offset="39" offsetend="43" sl="737" fileid="3" />
                <BranchPoint vc="0" uspid="749" ordinal="6" path="0" offset="104" offsetend="106" sl="749" fileid="3" />
                <BranchPoint vc="0" uspid="749" ordinal="7" path="1" offset="104" offsetend="109" sl="749" fileid="3" />
                <BranchPoint vc="0" uspid="751" ordinal="8" path="0" offset="141" offsetend="143" sl="751" fileid="3" />
                <BranchPoint vc="0" uspid="751" ordinal="9" path="1" offset="141" offsetend="146" sl="751" fileid="3" />
                <BranchPoint vc="0" uspid="754" ordinal="21" path="1" offset="338" offsetend="190" sl="754" fileid="3" />
                <BranchPoint vc="0" uspid="756" ordinal="10" path="0" offset="212" offsetend="214" sl="756" fileid="3" />
                <BranchPoint vc="0" uspid="756" ordinal="12" path="0" offset="222" offsetend="224" sl="756" fileid="3" />
                <BranchPoint vc="0" uspid="756" ordinal="11" path="1" offset="212" offsetend="234" sl="756" fileid="3" />
                <BranchPoint vc="0" uspid="756" ordinal="13" path="1" offset="222" offsetend="234" sl="756" fileid="3" />
                <BranchPoint vc="0" uspid="756" ordinal="14" path="0" offset="232" offsetend="234" sl="756" fileid="3" />
                <BranchPoint vc="0" uspid="756" ordinal="15" path="1" offset="232" offsetend="245" sl="756" fileid="3" />
                <BranchPoint vc="0" uspid="764" ordinal="16" path="0" offset="269" offsetend="271" sl="764" fileid="3" />
                <BranchPoint vc="0" uspid="764" ordinal="17" path="1" offset="269" offsetend="274" sl="764" fileid="3" />
                <BranchPoint vc="0" uspid="765" ordinal="18" path="0" offset="289" offsetend="291" sl="765" fileid="3" />
                <BranchPoint vc="0" uspid="765" ordinal="19" path="1" offset="289" offsetend="294" sl="765" fileid="3" />
                <BranchPoint vc="0" uspid="754" ordinal="20" path="0" offset="338" offsetend="343" sl="754" fileid="3" />
              </BranchPoints>
              <MethodPoint vc="0" uspid="0" p8:type="SequencePoint" ordinal="18" offset="18" sc="0" sl="734" ec="1" el="770" bec="0" bev="0" fileid="3" xmlns:p8="xsi" />
            </Method>
            <Method cyclomaticComplexity="10" nPathComplexity="0" sequenceCoverage="0" branchCoverage="0" isConstructor="False" isGetter="False" isSetter="False" isStatic="True">
              <Summary numSequencePoints="11" visitedSequencePoints="0" numBranchPoints="10" visitedBranchPoints="0" sequenceCoverage="0" branchCoverage="0" maxCyclomaticComplexity="10" minCyclomaticComplexity="10" visitedClasses="0" numClasses="0" visitedMethods="0" numMethods="1" />
              <MetadataToken />
              <Name>System.Object FluentCommand.DataCommand::GetCache(System.String)</Name>
              <FileRef uid="3" />
              <SequencePoints>
                <SequencePoint vc="0" uspid="775" ordinal="0" sl="775" sc="1" el="775" ec="2" bec="0" bev="0" fileid="3" />
                <SequencePoint vc="0" uspid="776" ordinal="1" sl="776" sc="1" el="776" ec="2" bec="0" bev="0" fileid="3" />
                <SequencePoint vc="0" uspid="778" ordinal="2" sl="778" sc="1" el="778" ec="2" bec="0" bev="0" fileid="3" />
                <SequencePoint vc="0" uspid="779" ordinal="3" sl="779" sc="1" el="779" ec="2" bec="0" bev="0" fileid="3" />
                <SequencePoint vc="0" uspid="781" ordinal="4" sl="781" sc="1" el="781" ec="2" bec="0" bev="0" fileid="3" />
                <SequencePoint vc="0" uspid="782" ordinal="5" sl="782" sc="1" el="782" ec="2" bec="0" bev="0" fileid="3" />
                <SequencePoint vc="0" uspid="783" ordinal="6" sl="783" sc="1" el="783" ec="2" bec="0" bev="0" fileid="3" />
                <SequencePoint vc="0" uspid="785" ordinal="7" sl="785" sc="1" el="785" ec="2" bec="0" bev="0" fileid="3" />
                <SequencePoint vc="0" uspid="787" ordinal="8" sl="787" sc="1" el="787" ec="2" bec="0" bev="0" fileid="3" />
                <SequencePoint vc="0" uspid="788" ordinal="9" sl="788" sc="1" el="788" ec="2" bec="0" bev="0" fileid="3" />
                <SequencePoint vc="0" uspid="790" ordinal="10" sl="790" sc="1" el="790" ec="2" bec="0" bev="0" fileid="3" />
              </SequencePoints>
              <BranchPoints>
                <BranchPoint vc="0" uspid="775" ordinal="0" path="0" offset="11" offsetend="13" sl="775" fileid="3" />
                <BranchPoint vc="0" uspid="775" ordinal="2" path="0" offset="24" offsetend="26" sl="775" fileid="3" />
                <BranchPoint vc="0" uspid="775" ordinal="1" path="1" offset="11" offsetend="28" sl="775" fileid="3" />
                <BranchPoint vc="0" uspid="775" ordinal="3" path="1" offset="24" offsetend="28" sl="775" fileid="3" />
                <BranchPoint vc="0" uspid="778" ordinal="4" path="0" offset="29" offsetend="31" sl="778" fileid="3" />
                <BranchPoint vc="0" uspid="778" ordinal="5" path="1" offset="29" offsetend="33" sl="778" fileid="3" />
                <BranchPoint vc="0" uspid="782" ordinal="6" path="0" offset="46" offsetend="48" sl="782" fileid="3" />
                <BranchPoint vc="0" uspid="782" ordinal="7" path="1" offset="46" offsetend="50" sl="782" fileid="3" />
                <BranchPoint vc="0" uspid="787" ordinal="8" path="0" offset="58" offsetend="60" sl="787" fileid="3" />
                <BranchPoint vc="0" uspid="787" ordinal="9" path="1" offset="58" offsetend="82" sl="787" fileid="3" />
              </BranchPoints>
              <MethodPoint vc="0" uspid="0" p8:type="SequencePoint" ordinal="19" offset="19" sc="0" sl="775" ec="1" el="790" bec="0" bev="0" fileid="3" xmlns:p8="xsi" />
            </Method>
            <Method cyclomaticComplexity="12" nPathComplexity="0" sequenceCoverage="0" branchCoverage="0" isConstructor="False" isGetter="False" isSetter="False" isStatic="True">
              <Summary numSequencePoints="12" visitedSequencePoints="0" numBranchPoints="12" visitedBranchPoints="0" sequenceCoverage="0" branchCoverage="0" maxCyclomaticComplexity="12" minCyclomaticComplexity="12" visitedClasses="0" numClasses="0" visitedMethods="0" numMethods="1" />
              <MetadataToken />
              <Name>System.Void FluentCommand.DataCommand::SetCache(System.String,System.Object)</Name>
              <FileRef uid="3" />
              <SequencePoints>
                <SequencePoint vc="0" uspid="795" ordinal="0" sl="795" sc="1" el="795" ec="2" bec="0" bev="0" fileid="3" />
                <SequencePoint vc="0" uspid="796" ordinal="1" sl="796" sc="1" el="796" ec="2" bec="0" bev="0" fileid="3" />
                <SequencePoint vc="0" uspid="798" ordinal="2" sl="798" sc="1" el="798" ec="2" bec="0" bev="0" fileid="3" />
                <SequencePoint vc="0" uspid="799" ordinal="3" sl="799" sc="1" el="799" ec="2" bec="0" bev="0" fileid="3" />
                <SequencePoint vc="0" uspid="801" ordinal="4" sl="801" sc="1" el="801" ec="2" bec="0" bev="0" fileid="3" />
                <SequencePoint vc="0" uspid="802" ordinal="5" sl="802" sc="1" el="802" ec="2" bec="0" bev="0" fileid="3" />
                <SequencePoint vc="0" uspid="803" ordinal="6" sl="803" sc="1" el="803" ec="2" bec="0" bev="0" fileid="3" />
                <SequencePoint vc="0" uspid="805" ordinal="7" sl="805" sc="1" el="805" ec="2" bec="0" bev="0" fileid="3" />
                <SequencePoint vc="0" uspid="807" ordinal="8" sl="807" sc="1" el="807" ec="2" bec="0" bev="0" fileid="3" />
                <SequencePoint vc="0" uspid="808" ordinal="9" sl="808" sc="1" el="808" ec="2" bec="0" bev="0" fileid="3" />
                <SequencePoint vc="0" uspid="810" ordinal="10" sl="810" sc="1" el="810" ec="2" bec="0" bev="0" fileid="3" />
                <SequencePoint vc="0" uspid="811" ordinal="11" sl="811" sc="1" el="811" ec="2" bec="0" bev="0" fileid="3" />
              </SequencePoints>
              <BranchPoints>
                <BranchPoint vc="0" uspid="795" ordinal="0" path="0" offset="11" offsetend="13" sl="795" fileid="3" />
                <BranchPoint vc="0" uspid="795" ordinal="2" path="0" offset="24" offsetend="26" sl="795" fileid="3" />
                <BranchPoint vc="0" uspid="795" ordinal="1" path="1" offset="11" offsetend="27" sl="795" fileid="3" />
                <BranchPoint vc="0" uspid="795" ordinal="3" path="1" offset="24" offsetend="27" sl="795" fileid="3" />
                <BranchPoint vc="0" uspid="798" ordinal="4" path="0" offset="28" offsetend="30" sl="798" fileid="3" />
                <BranchPoint vc="0" uspid="798" ordinal="5" path="1" offset="28" offsetend="33" sl="798" fileid="3" />
                <BranchPoint vc="0" uspid="798" ordinal="6" path="0" offset="31" offsetend="33" sl="798" fileid="3" />
                <BranchPoint vc="0" uspid="798" ordinal="7" path="1" offset="31" offsetend="34" sl="798" fileid="3" />
                <BranchPoint vc="0" uspid="802" ordinal="8" path="0" offset="47" offsetend="49" sl="802" fileid="3" />
                <BranchPoint vc="0" uspid="802" ordinal="9" path="1" offset="47" offsetend="50" sl="802" fileid="3" />
                <BranchPoint vc="0" uspid="807" ordinal="10" path="0" offset="83" offsetend="85" sl="807" fileid="3" />
                <BranchPoint vc="0" uspid="807" ordinal="11" path="1" offset="83" offsetend="105" sl="807" fileid="3" />
              </BranchPoints>
              <MethodPoint vc="0" uspid="0" p8:type="SequencePoint" ordinal="20" offset="20" sc="0" sl="795" ec="1" el="811" bec="0" bev="0" fileid="3" xmlns:p8="xsi" />
            </Method>
            <Method cyclomaticComplexity="1" nPathComplexity="0" sequenceCoverage="0" branchCoverage="100" isConstructor="False" isGetter="False" isSetter="False" isStatic="True">
              <Summary numSequencePoints="2" visitedSequencePoints="0" numBranchPoints="0" visitedBranchPoints="0" sequenceCoverage="0" branchCoverage="100" maxCyclomaticComplexity="1" minCyclomaticComplexity="1" visitedClasses="0" numClasses="0" visitedMethods="0" numMethods="1" />
              <MetadataToken />
              <Name>System.Void FluentCommand.DataCommand::LogCommand()</Name>
              <FileRef uid="3" />
              <SequencePoints>
                <SequencePoint vc="0" uspid="816" ordinal="0" sl="816" sc="1" el="816" ec="2" bec="0" bev="0" fileid="3" />
                <SequencePoint vc="0" uspid="817" ordinal="1" sl="817" sc="1" el="817" ec="2" bec="0" bev="0" fileid="3" />
              </SequencePoints>
              <BranchPoints />
              <MethodPoint vc="0" uspid="0" p8:type="SequencePoint" ordinal="21" offset="21" sc="0" sl="816" ec="1" el="817" bec="0" bev="0" fileid="3" xmlns:p8="xsi" />
            </Method>
            <Method cyclomaticComplexity="6" nPathComplexity="0" sequenceCoverage="0" branchCoverage="0" isConstructor="False" isGetter="False" isSetter="False" isStatic="True">
              <Summary numSequencePoints="23" visitedSequencePoints="0" numBranchPoints="6" visitedBranchPoints="0" sequenceCoverage="0" branchCoverage="0" maxCyclomaticComplexity="6" minCyclomaticComplexity="6" visitedClasses="0" numClasses="0" visitedMethods="0" numMethods="1" />
              <MetadataToken />
              <Name>System.Void FluentCommand.DataCommand::LogCommand(System.Action`1&lt;System.String&gt;,System.Data.IDbCommand)</Name>
              <FileRef uid="3" />
              <SequencePoints>
                <SequencePoint vc="0" uspid="821" ordinal="0" sl="821" sc="1" el="821" ec="2" bec="0" bev="0" fileid="3" />
                <SequencePoint vc="0" uspid="822" ordinal="1" sl="822" sc="1" el="822" ec="2" bec="0" bev="0" fileid="3" />
                <SequencePoint vc="0" uspid="824" ordinal="2" sl="824" sc="1" el="824" ec="2" bec="0" bev="0" fileid="3" />
                <SequencePoint vc="0" uspid="825" ordinal="3" sl="825" sc="1" el="825" ec="2" bec="0" bev="0" fileid="3" />
                <SequencePoint vc="0" uspid="828" ordinal="4" sl="828" sc="1" el="828" ec="2" bec="0" bev="0" fileid="3" />
                <SequencePoint vc="0" uspid="830" ordinal="5" sl="830" sc="1" el="830" ec="2" bec="0" bev="0" fileid="3" />
                <SequencePoint vc="0" uspid="831" ordinal="6" sl="831" sc="1" el="831" ec="2" bec="0" bev="0" fileid="3" />
                <SequencePoint vc="0" uspid="832" ordinal="7" sl="832" sc="1" el="832" ec="2" bec="0" bev="0" fileid="3" />
                <SequencePoint vc="0" uspid="834" ordinal="8" sl="834" sc="1" el="834" ec="2" bec="0" bev="0" fileid="3" />
                <SequencePoint vc="0" uspid="836" ordinal="9" sl="836" sc="1" el="836" ec="2" bec="0" bev="0" fileid="3" />
                <SequencePoint vc="0" uspid="837" ordinal="10" sl="837" sc="1" el="837" ec="2" bec="0" bev="0" fileid="3" />
                <SequencePoint vc="0" uspid="838" ordinal="11" sl="838" sc="1" el="838" ec="2" bec="0" bev="0" fileid="3" />
                <SequencePoint vc="0" uspid="841" ordinal="12" sl="841" sc="1" el="841" ec="2" bec="0" bev="0" fileid="3" />
                <SequencePoint vc="0" uspid="842" ordinal="13" sl="842" sc="1" el="842" ec="2" bec="0" bev="0" fileid="3" />
                <SequencePoint vc="0" uspid="843" ordinal="14" sl="843" sc="1" el="843" ec="2" bec="0" bev="0" fileid="3" />
                <SequencePoint vc="0" uspid="844" ordinal="15" sl="844" sc="1" el="844" ec="2" bec="0" bev="0" fileid="3" />
                <SequencePoint vc="0" uspid="845" ordinal="16" sl="845" sc="1" el="845" ec="2" bec="0" bev="0" fileid="3" />
                <SequencePoint vc="0" uspid="846" ordinal="17" sl="846" sc="1" el="846" ec="2" bec="0" bev="0" fileid="3" />
                <SequencePoint vc="0" uspid="847" ordinal="18" sl="847" sc="1" el="847" ec="2" bec="0" bev="0" fileid="3" />
                <SequencePoint vc="0" uspid="848" ordinal="19" sl="848" sc="1" el="848" ec="2" bec="0" bev="0" fileid="3" />
                <SequencePoint vc="0" uspid="850" ordinal="20" sl="850" sc="1" el="850" ec="2" bec="0" bev="0" fileid="3" />
                <SequencePoint vc="0" uspid="853" ordinal="21" sl="853" sc="1" el="853" ec="2" bec="0" bev="0" fileid="3" />
                <SequencePoint vc="0" uspid="854" ordinal="22" sl="854" sc="1" el="854" ec="2" bec="0" bev="0" fileid="3" />
              </SequencePoints>
              <BranchPoints>
                <BranchPoint vc="0" uspid="821" ordinal="0" path="0" offset="1" offsetend="3" sl="821" fileid="3" />
                <BranchPoint vc="0" uspid="821" ordinal="1" path="1" offset="1" offsetend="4" sl="821" fileid="3" />
                <BranchPoint vc="0" uspid="828" ordinal="5" path="1" offset="204" offsetend="40" sl="828" fileid="3" />
                <BranchPoint vc="0" uspid="834" ordinal="2" path="0" offset="70" offsetend="72" sl="834" fileid="3" />
                <BranchPoint vc="0" uspid="834" ordinal="3" path="1" offset="70" offsetend="98" sl="834" fileid="3" />
                <BranchPoint vc="0" uspid="828" ordinal="4" path="0" offset="204" offsetend="209" sl="828" fileid="3" />
              </BranchPoints>
              <MethodPoint vc="0" uspid="0" p8:type="SequencePoint" ordinal="22" offset="22" sc="0" sl="821" ec="1" el="854" bec="0" bev="0" fileid="3" xmlns:p8="xsi" />
            </Method>
            <Method cyclomaticComplexity="2" nPathComplexity="0" sequenceCoverage="0" branchCoverage="0" isConstructor="True" isGetter="False" isSetter="False" isStatic="True">
              <Summary numSequencePoints="6" visitedSequencePoints="0" numBranchPoints="2" visitedBranchPoints="0" sequenceCoverage="0" branchCoverage="0" maxCyclomaticComplexity="2" minCyclomaticComplexity="2" visitedClasses="0" numClasses="0" visitedMethods="0" numMethods="1" />
              <MetadataToken />
              <Name>System.Void FluentCommand.DataCommand::.ctor(FluentCommand.IDataSession,System.Data.Common.DbTransaction)</Name>
              <FileRef uid="3" />
              <SequencePoints>
                <SequencePoint vc="0" uspid="29" ordinal="0" sl="29" sc="1" el="29" ec="2" bec="0" bev="0" fileid="3" />
                <SequencePoint vc="0" uspid="31" ordinal="1" sl="31" sc="1" el="31" ec="2" bec="0" bev="0" fileid="3" />
                <SequencePoint vc="0" uspid="32" ordinal="2" sl="32" sc="1" el="32" ec="2" bec="0" bev="0" fileid="3" />
                <SequencePoint vc="0" uspid="33" ordinal="3" sl="33" sc="1" el="33" ec="2" bec="0" bev="0" fileid="3" />
                <SequencePoint vc="0" uspid="34" ordinal="4" sl="34" sc="1" el="34" ec="2" bec="0" bev="0" fileid="3" />
                <SequencePoint vc="0" uspid="35" ordinal="5" sl="35" sc="1" el="35" ec="2" bec="0" bev="0" fileid="3" />
              </SequencePoints>
              <BranchPoints>
                <BranchPoint vc="0" uspid="32" ordinal="0" path="0" offset="20" offsetend="22" sl="32" fileid="3" />
                <BranchPoint vc="0" uspid="32" ordinal="1" path="1" offset="20" offsetend="34" sl="32" fileid="3" />
              </BranchPoints>
              <MethodPoint vc="0" uspid="0" p8:type="SequencePoint" ordinal="23" offset="23" sc="0" sl="29" ec="1" el="35" bec="0" bev="0" fileid="3" xmlns:p8="xsi" />
            </Method>
          </Methods>
        </Class>
        <Class>
          <Summary numSequencePoints="20" visitedSequencePoints="0" numBranchPoints="22" visitedBranchPoints="0" sequenceCoverage="0" branchCoverage="0" maxCyclomaticComplexity="22" minCyclomaticComplexity="22" visitedClasses="0" numClasses="1" visitedMethods="0" numMethods="1" />
[...]
              <FileRef uid="43" />
              <SequencePoints>
                <SequencePoint vc="0" uspid="405" ordinal="0" sl="405" sc="1" el="405" ec="2" bec="0" bev="0" fileid="43" />
                <SequencePoint vc="0" uspid="406" ordinal="1" sl="406" sc="1" el="406" ec="2" bec="0" bev="0" fileid="43" />
                <SequencePoint vc="0" uspid="408" ordinal="2" sl="408" sc="1" el="408" ec="2" bec="0" bev="0" fileid="43" />
                <SequencePoint vc="0" uspid="409" ordinal="3" sl="409" sc="1" el="409" ec="2" bec="0" bev="0" fileid="43" />
                <SequencePoint vc="0" uspid="411" ordinal="4" sl="411" sc="1" el="411" ec="2" bec="0" bev="0" fileid="43" />
                <SequencePoint vc="0" uspid="413" ordinal="5" sl="413" sc="1" el="413" ec="2" bec="0" bev="0" fileid="43" />
                <SequencePoint vc="0" uspid="414" ordinal="6" sl="414" sc="1" el="414" ec="2" bec="0" bev="0" fileid="43" />
                <SequencePoint vc="0" uspid="415" ordinal="7" sl="415" sc="1" el="415" ec="2" bec="0" bev="0" fileid="43" />
                <SequencePoint vc="0" uspid="418" ordinal="8" sl="418" sc="1" el="418" ec="2" bec="0" bev="0" fileid="43" />
                <SequencePoint vc="0" uspid="419" ordinal="9" sl="419" sc="1" el="419" ec="2" bec="0" bev="0" fileid="43" />
                <SequencePoint vc="0" uspid="420" ordinal="10" sl="420" sc="1" el="420" ec="2" bec="0" bev="0" fileid="43" />
                <SequencePoint vc="0" uspid="422" ordinal="11" sl="422" sc="1" el="422" ec="2" bec="0" bev="0" fileid="43" />
              </SequencePoints>
              <BranchPoints>
                <BranchPoint vc="0" uspid="405" ordinal="0" path="0" offset="20" offsetend="22" sl="405" fileid="43" />
                <BranchPoint vc="0" uspid="405" ordinal="1" path="1" offset="20" offsetend="33" sl="405" fileid="43" />
                <BranchPoint vc="0" uspid="408" ordinal="2" path="0" offset="39" offsetend="41" sl="408" fileid="43" />
                <BranchPoint vc="0" uspid="408" ordinal="3" path="1" offset="39" offsetend="52" sl="408" fileid="43" />
                <BranchPoint vc="0" uspid="414" ordinal="4" path="0" offset="80" offsetend="82" sl="414" fileid="43" />
                <BranchPoint vc="0" uspid="414" ordinal="5" path="1" offset="80" offsetend="84" sl="414" fileid="43" />
              </BranchPoints>
              <MethodPoint vc="0" uspid="0" p8:type="SequencePoint" ordinal="23" offset="23" sc="0" sl="405" ec="1" el="422" bec="0" bev="0" fileid="43" xmlns:p8="xsi" />
            </Method>
            <Method cyclomaticComplexity="2" nPathComplexity="0" sequenceCoverage="0" branchCoverage="0" isConstructor="False" isGetter="False" isSetter="False" isStatic="True">
              <Summary numSequencePoints="1" visitedSequencePoints="0" numBranchPoints="2" visitedBranchPoints="0" sequenceCoverage="0" branchCoverage="0" maxCyclomaticComplexity="2" minCyclomaticComplexity="2" visitedClasses="0" numClasses="0" visitedMethods="0" numMethods="1" />
              <MetadataToken />
              <Name>FluentCommand.Reflection.IMemberAccessor FluentCommand.Reflection.TypeAccessor::CreateAccessor(System.Reflection.PropertyInfo)</Name>
              <FileRef uid="43" />
              <SequencePoints>
                <SequencePoint vc="0" uspid="427" ordinal="0" sl="427" sc="1" el="427" ec="2" bec="0" bev="0" fileid="43" />
              </SequencePoints>
              <BranchPoints>
                <BranchPoint vc="0" uspid="427" ordinal="0" path="0" offset="7" offsetend="9" sl="427" fileid="43" />
                <BranchPoint vc="0" uspid="427" ordinal="1" path="1" offset="7" offsetend="16" sl="427" fileid="43" />
              </BranchPoints>
              <MethodPoint vc="0" uspid="0" p8:type="SequencePoint" ordinal="24" offset="24" sc="0" sl="427" ec="1" el="427" bec="0" bev="0" fileid="43" xmlns:p8="xsi" />
            </Method>
            <Method cyclomaticComplexity="1" nPathComplexity="0" sequenceCoverage="0" branchCoverage="100" isConstructor="False" isGetter="False" isSetter="False" isStatic="True">
              <Summary numSequencePoints="1" visitedSequencePoints="0" numBranchPoints="0" visitedBranchPoints="0" sequenceCoverage="0" branchCoverage="100" maxCyclomaticComplexity="1" minCyclomaticComplexity="1" visitedClasses="0" numClasses="0" visitedMethods="0" numMethods="1" />
              <MetadataToken />
              <Name>FluentCommand.Reflection.IMemberAccessor FluentCommand.Reflection.TypeAccessor::FindField(System.String)</Name>
              <FileRef uid="43" />
              <SequencePoints>
                <SequencePoint vc="0" uspid="441" ordinal="0" sl="441" sc="1" el="441" ec="2" bec="0" bev="0" fileid="43" />
              </SequencePoints>
              <BranchPoints />
              <MethodPoint vc="0" uspid="0" p8:type="SequencePoint" ordinal="25" offset="25" sc="0" sl="441" ec="1" el="441" bec="0" bev="0" fileid="43" xmlns:p8="xsi" />
            </Method>
            <Method cyclomaticComplexity="1" nPathComplexity="0" sequenceCoverage="0" branchCoverage="100" isConstructor="False" isGetter="False" isSetter="False" isStatic="True">
              <Summary numSequencePoints="1" visitedSequencePoints="0" numBranchPoints="0" visitedBranchPoints="0" sequenceCoverage="0" branchCoverage="100" maxCyclomaticComplexity="1" minCyclomaticComplexity="1" visitedClasses="0" numClasses="0" visitedMethods="0" numMethods="1" />
              <MetadataToken />
              <Name>FluentCommand.Reflection.IMemberAccessor FluentCommand.Reflection.TypeAccessor::FindField(System.String,System.Reflection.BindingFlags)</Name>
              <FileRef uid="43" />
              <SequencePoints>
                <SequencePoint vc="0" uspid="454" ordinal="0" sl="454" sc="1" el="454" ec="2" bec="0" bev="0" fileid="43" />
              </SequencePoints>
              <BranchPoints />
              <MethodPoint vc="0" uspid="0" p8:type="SequencePoint" ordinal="26" offset="26" sc="0" sl="454" ec="1" el="454" bec="0" bev="0" fileid="43" xmlns:p8="xsi" />
            </Method>
            <Method cyclomaticComplexity="1" nPathComplexity="0" sequenceCoverage="0" branchCoverage="100" isConstructor="False" isGetter="False" isSetter="False" isStatic="True">
              <Summary numSequencePoints="1" visitedSequencePoints="0" numBranchPoints="0" visitedBranchPoints="0" sequenceCoverage="0" branchCoverage="100" maxCyclomaticComplexity="1" minCyclomaticComplexity="1" visitedClasses="0" numClasses="0" visitedMethods="0" numMethods="1" />
              <MetadataToken />
              <Name>FluentCommand.Reflection.IMemberAccessor FluentCommand.Reflection.TypeAccessor::GetAccessor(System.Reflection.FieldInfo)</Name>
              <FileRef uid="43" />
              <SequencePoints>
                <SequencePoint vc="0" uspid="466" ordinal="0" sl="466" sc="1" el="466" ec="2" bec="0" bev="0" fileid="43" />
              </SequencePoints>
              <BranchPoints />
              <MethodPoint vc="0" uspid="0" p8:type="SequencePoint" ordinal="27" offset="27" sc="0" sl="466" ec="1" el="466" bec="0" bev="0" fileid="43" xmlns:p8="xsi" />
            </Method>
            <Method cyclomaticComplexity="2" nPathComplexity="0" sequenceCoverage="0" branchCoverage="0" isConstructor="False" isGetter="False" isSetter="False" isStatic="True">
              <Summary numSequencePoints="2" visitedSequencePoints="0" numBranchPoints="2" visitedBranchPoints="0" sequenceCoverage="0" branchCoverage="0" maxCyclomaticComplexity="2" minCyclomaticComplexity="2" visitedClasses="0" numClasses="0" visitedMethods="0" numMethods="1" />
              <MetadataToken />
              <Name>FluentCommand.Reflection.IMemberAccessor FluentCommand.Reflection.TypeAccessor::CreateFieldAccessor(System.String,System.Reflection.BindingFlags)</Name>
              <FileRef uid="43" />
              <SequencePoints>
                <SequencePoint vc="0" uspid="471" ordinal="0" sl="471" sc="1" el="471" ec="2" bec="0" bev="0" fileid="43" />
                <SequencePoint vc="0" uspid="472" ordinal="1" sl="472" sc="1" el="472" ec="2" bec="0" bev="0" fileid="43" />
              </SequencePoints>
              <BranchPoints>
                <BranchPoint vc="0" uspid="472" ordinal="0" path="0" offset="21" offsetend="23" sl="472" fileid="43" />
                <BranchPoint vc="0" uspid="472" ordinal="1" path="1" offset="21" offsetend="30" sl="472" fileid="43" />
              </BranchPoints>
              <MethodPoint vc="0" uspid="0" p8:type="SequencePoint" ordinal="28" offset="28" sc="0" sl="471" ec="1" el="472" bec="0" bev="0" fileid="43" xmlns:p8="xsi" />
            </Method>
            <Method cyclomaticComplexity="6" nPathComplexity="0" sequenceCoverage="0" branchCoverage="0" isConstructor="False" isGetter="False" isSetter="False" isStatic="True">
              <Summary numSequencePoints="11" visitedSequencePoints="0" numBranchPoints="6" visitedBranchPoints="0" sequenceCoverage="0" branchCoverage="0" maxCyclomaticComplexity="6" minCyclomaticComplexity="6" visitedClasses="0" numClasses="0" visitedMethods="0" numMethods="1" />
              <MetadataToken />
              <Name>System.Reflection.FieldInfo FluentCommand.Reflection.TypeAccessor::FindField(System.Type,System.String,System.Reflection.BindingFlags)</Name>
              <FileRef uid="43" />
              <SequencePoints>
                <SequencePoint vc="0" uspid="477" ordinal="0" sl="477" sc="1" el="477" ec="2" bec="0" bev="0" fileid="43" />
                <SequencePoint vc="0" uspid="478" ordinal="1" sl="478" sc="1" el="478" ec="2" bec="0" bev="0" fileid="43" />
                <SequencePoint vc="0" uspid="480" ordinal="2" sl="480" sc="1" el="480" ec="2" bec="0" bev="0" fileid="43" />
                <SequencePoint vc="0" uspid="481" ordinal="3" sl="481" sc="1" el="481" ec="2" bec="0" bev="0" fileid="43" />
                <SequencePoint vc="0" uspid="484" ordinal="4" sl="484" sc="1" el="484" ec="2" bec="0" bev="0" fileid="43" />
                <SequencePoint vc="0" uspid="485" ordinal="5" sl="485" sc="1" el="485" ec="2" bec="0" bev="0" fileid="43" />
                <SequencePoint vc="0" uspid="486" ordinal="6" sl="486" sc="1" el="486" ec="2" bec="0" bev="0" fileid="43" />
                <SequencePoint vc="0" uspid="487" ordinal="7" sl="487" sc="1" el="487" ec="2" bec="0" bev="0" fileid="43" />
                <SequencePoint vc="0" uspid="490" ordinal="8" sl="490" sc="1" el="490" ec="2" bec="0" bev="0" fileid="43" />
                <SequencePoint vc="0" uspid="491" ordinal="9" sl="491" sc="1" el="491" ec="2" bec="0" bev="0" fileid="43" />
                <SequencePoint vc="0" uspid="492" ordinal="10" sl="492" sc="1" el="492" ec="2" bec="0" bev="0" fileid="43" />
              </SequencePoints>
              <BranchPoints>
                <BranchPoint vc="0" uspid="477" ordinal="0" path="0" offset="20" offsetend="22" sl="477" fileid="43" />
                <BranchPoint vc="0" uspid="477" ordinal="1" path="1" offset="20" offsetend="33" sl="477" fileid="43" />
                <BranchPoint vc="0" uspid="480" ordinal="2" path="0" offset="39" offsetend="41" sl="480" fileid="43" />
                <BranchPoint vc="0" uspid="480" ordinal="3" path="1" offset="39" offsetend="52" sl="480" fileid="43" />
                <BranchPoint vc="0" uspid="486" ordinal="4" path="0" offset="80" offsetend="82" sl="486" fileid="43" />
                <BranchPoint vc="0" uspid="486" ordinal="5" path="1" offset="80" offsetend="84" sl="486" fileid="43" />
              </BranchPoints>
              <MethodPoint vc="0" uspid="0" p8:type="SequencePoint" ordinal="29" offset="29" sc="0" sl="477" ec="1" el="492" bec="0" bev="0" fileid="43" xmlns:p8="xsi" />
            </Method>
            <Method cyclomaticComplexity="2" nPathComplexity="0" sequenceCoverage="0" branchCoverage="0" isConstructor="False" isGetter="False" isSetter="False" isStatic="True">
              <Summary numSequencePoints="1" visitedSequencePoints="0" numBranchPoints="2" visitedBranchPoints="0" sequenceCoverage="0" branchCoverage="0" maxCyclomaticComplexity="2" minCyclomaticComplexity="2" visitedClasses="0" numClasses="0" visitedMethods="0" numMethods="1" />
              <MetadataToken />
              <Name>FluentCommand.Reflection.IMemberAccessor FluentCommand.Reflection.TypeAccessor::CreateAccessor(System.Reflection.FieldInfo)</Name>
              <FileRef uid="43" />
              <SequencePoints>
                <SequencePoint vc="0" uspid="497" ordinal="0" sl="497" sc="1" el="497" ec="2" bec="0" bev="0" fileid="43" />
              </SequencePoints>
              <BranchPoints>
                <BranchPoint vc="0" uspid="497" ordinal="0" path="0" offset="7" offsetend="9" sl="497" fileid="43" />
                <BranchPoint vc="0" uspid="497" ordinal="1" path="1" offset="7" offsetend="16" sl="497" fileid="43" />
              </BranchPoints>
              <MethodPoint vc="0" uspid="0" p8:type="SequencePoint" ordinal="30" offset="30" sc="0" sl="497" ec="1" el="497" bec="0" bev="0" fileid="43" xmlns:p8="xsi" />
            </Method>
            <Method cyclomaticComplexity="1" nPathComplexity="0" sequenceCoverage="0" branchCoverage="100" isConstructor="False" isGetter="False" isSetter="False" isStatic="True">
              <Summary numSequencePoints="1" visitedSequencePoints="0" numBranchPoints="0" visitedBranchPoints="0" sequenceCoverage="0" branchCoverage="100" maxCyclomaticComplexity="1" minCyclomaticComplexity="1" visitedClasses="0" numClasses="0" visitedMethods="0" numMethods="1" />
              <MetadataToken />
              <Name>FluentCommand.Reflection.TypeAccessor FluentCommand.Reflection.TypeAccessor::GetAccessor()</Name>
              <FileRef uid="43" />
              <SequencePoints>
                <SequencePoint vc="0" uspid="508" ordinal="0" sl="508" sc="1" el="508" ec="2" bec="0" bev="0" fileid="43" />
              </SequencePoints>
              <BranchPoints />
              <MethodPoint vc="0" uspid="0" p8:type="SequencePoint" ordinal="31" offset="31" sc="0" sl="508" ec="1" el="508" bec="0" bev="0" fileid="43" xmlns:p8="xsi" />
            </Method>
            <Method cyclomaticComplexity="2" nPathComplexity="0" sequenceCoverage="0" branchCoverage="0" isConstructor="False" isGetter="False" isSetter="False" isStatic="True">
              <Summary numSequencePoints="1" visitedSequencePoints="0" numBranchPoints="2" visitedBranchPoints="0" sequenceCoverage="0" branchCoverage="0" maxCyclomaticComplexity="2" minCyclomaticComplexity="2" visitedClasses="0" numClasses="0" visitedMethods="0" numMethods="1" />
              <MetadataToken />
              <Name>FluentCommand.Reflection.TypeAccessor FluentCommand.Reflection.TypeAccessor::GetAccessor(System.Type)</Name>
              <FileRef uid="43" />
              <SequencePoints>
                <SequencePoint vc="0" uspid="518" ordinal="0" sl="518" sc="1" el="518" ec="2" bec="0" bev="0" fileid="43" />
              </SequencePoints>
              <BranchPoints>
                <BranchPoint vc="0" uspid="518" ordinal="0" path="0" offset="12" offsetend="14" sl="518" fileid="43" />
                <BranchPoint vc="0" uspid="518" ordinal="1" path="1" offset="12" offsetend="37" sl="518" fileid="43" />
              </BranchPoints>
              <MethodPoint vc="0" uspid="0" p8:type="SequencePoint" ordinal="32" offset="32" sc="0" sl="518" ec="1" el="518" bec="0" bev="0" fileid="43" xmlns:p8="xsi" />
            </Method>
            <Method cyclomaticComplexity="1" nPathComplexity="0" sequenceCoverage="0" branchCoverage="100" isConstructor="True" isGetter="False" isSetter="False" isStatic="True">
              <Summary numSequencePoints="1" visitedSequencePoints="0" numBranchPoints="0" visitedBranchPoints="0" sequenceCoverage="0" branchCoverage="100" maxCyclomaticComplexity="1" minCyclomaticComplexity="1" visitedClasses="0" numClasses="0" visitedMethods="0" numMethods="1" />
              <MetadataToken />
              <Name>System.Func`1&lt;System.Object&gt; FluentCommand.Reflection.TypeAccessor::&lt;.ctor&gt;b__5_0()</Name>
              <FileRef uid="43" />
              <SequencePoints>
                <SequencePoint vc="0" uspid="32" ordinal="0" sl="32" sc="1" el="32" ec="2" bec="0" bev="0" fileid="43" />
              </SequencePoints>
              <BranchPoints />
              <MethodPoint vc="0" uspid="0" p8:type="SequencePoint" ordinal="33" offset="33" sc="0" sl="32" ec="1" el="32" bec="0" bev="0" fileid="43" xmlns:p8="xsi" />
            </Method>
            <Method cyclomaticComplexity="2" nPathComplexity="0" sequenceCoverage="0" branchCoverage="0" isConstructor="True" isGetter="False" isSetter="False" isStatic="True">
              <Summary numSequencePoints="8" visitedSequencePoints="0" numBranchPoints="2" visitedBranchPoints="0" sequenceCoverage="0" branchCoverage="0" maxCyclomaticComplexity="2" minCyclomaticComplexity="2" visitedClasses="0" numClasses="0" visitedMethods="0" numMethods="1" />
              <MetadataToken />
              <Name>System.Void FluentCommand.Reflection.TypeAccessor::.ctor(System.Type)</Name>
              <FileRef uid="43" />
              <SequencePoints>
                <SequencePoint vc="0" uspid="16" ordinal="0" sl="16" sc="1" el="16" ec="2" bec="0" bev="0" fileid="43" />
                <SequencePoint vc="0" uspid="17" ordinal="1" sl="17" sc="1" el="17" ec="2" bec="0" bev="0" fileid="43" />
                <SequencePoint vc="0" uspid="18" ordinal="2" sl="18" sc="1" el="18" ec="2" bec="0" bev="0" fileid="43" />
                <SequencePoint vc="0" uspid="26" ordinal="3" sl="26" sc="1" el="26" ec="2" bec="0" bev="0" fileid="43" />
                <SequencePoint vc="0" uspid="28" ordinal="4" sl="28" sc="1" el="28" ec="2" bec="0" bev="0" fileid="43" />
                <SequencePoint vc="0" uspid="29" ordinal="5" sl="29" sc="1" el="29" ec="2" bec="0" bev="0" fileid="43" />
                <SequencePoint vc="0" uspid="31" ordinal="6" sl="31" sc="1" el="31" ec="2" bec="0" bev="0" fileid="43" />
                <SequencePoint vc="0" uspid="33" ordinal="7" sl="33" sc="1" el="33" ec="2" bec="0" bev="0" fileid="43" />
              </SequencePoints>
              <BranchPoints>
                <BranchPoint vc="0" uspid="28" ordinal="0" path="0" offset="46" offsetend="48" sl="28" fileid="43" />
                <BranchPoint vc="0" uspid="28" ordinal="1" path="1" offset="46" offsetend="59" sl="28" fileid="43" />
              </BranchPoints>
              <MethodPoint vc="0" uspid="0" p8:type="SequencePoint" ordinal="34" offset="34" sc="0" sl="16" ec="1" el="33" bec="0" bev="0" fileid="43" xmlns:p8="xsi" />
            </Method>
            <Method cyclomaticComplexity="1" nPathComplexity="0" sequenceCoverage="0" branchCoverage="100" isConstructor="True" isGetter="False" isSetter="False" isStatic="True">
              <Summary numSequencePoints="1" visitedSequencePoints="0" numBranchPoints="0" visitedBranchPoints="0" sequenceCoverage="0" branchCoverage="100" maxCyclomaticComplexity="1" minCyclomaticComplexity="1" visitedClasses="0" numClasses="0" visitedMethods="0" numMethods="1" />
              <MetadataToken />
              <Name>System.Void FluentCommand.Reflection.TypeAccessor::.cctor()</Name>
              <FileRef uid="43" />
              <SequencePoints>
                <SequencePoint vc="0" uspid="15" ordinal="0" sl="15" sc="1" el="15" ec="2" bec="0" bev="0" fileid="43" />
              </SequencePoints>
              <BranchPoints />
              <MethodPoint vc="0" uspid="0" p8:type="SequencePoint" ordinal="35" offset="35" sc="0" sl="15" ec="1" el="15" bec="0" bev="0" fileid="43" xmlns:p8="xsi" />
            </Method>
          </Methods>
        </Class>
      </Classes>
    </Module>
  </Modules>
</CoverageSession>